{"numFailedTestSuites":4,"numFailedTests":6,"numPassedTestSuites":16,"numPassedTests":51,"numPendingTestSuites":0,"numPendingTests":0,"numRuntimeErrorTestSuites":0,"numTodoTests":0,"numTotalTestSuites":20,"numTotalTests":57,"openHandles":[],"snapshot":{"added":0,"didUpdate":false,"failure":false,"filesAdded":0,"filesRemoved":0,"filesRemovedList":[],"filesUnmatched":0,"filesUpdated":0,"matched":0,"total":0,"unchecked":0,"uncheckedKeysByFile":[],"unmatched":0,"updated":0},"startTime":1776134082981,"success":false,"testResults":[{"assertionResults":[{"ancestorTitles":["DoReadingTest integration - part navigation and focus"],"duration":1053,"failureDetails":[{"name":"TestingLibraryElementError"}],"failureMessages":["Error: Unable to find an element with the text: PASSAGE 1. This could be because the text is broken up by multiple elements. In this case, you can provide a function for your text matcher to make your matcher more flexible.\n\nIgnored nodes: comments, script, style\n\u001b[36m<body>\u001b[39m\n  \u001b[36m<div>\u001b[39m\n    \u001b[36m<div\u001b[39m\n      \u001b[33maria-modal\u001b[39m=\u001b[32m\"true\"\u001b[39m\n      \u001b[33mrole\u001b[39m=\u001b[32m\"dialog\"\u001b[39m\n      \u001b[33mstyle\u001b[39m=\u001b[32m\"position: fixed; inset: 0; display: flex; align-items: center; justify-content: center; background: rgba(15, 23, 42, 0.68); z-index: 1200; padding: 16px;\"\u001b[39m\n    \u001b[36m>\u001b[39m\n      \u001b[36m<div\u001b[39m\n        \u001b[33mstyle\u001b[39m=\u001b[32m\"width: 100%; max-width: 540px; border-radius: 20px; overflow: hidden; box-shadow: 0 24px 48px rgba(15, 23, 42, 0.35); background: rgb(255, 255, 255);\"\u001b[39m\n      \u001b[36m>\u001b[39m\n        \u001b[36m<div\u001b[39m\n          \u001b[33mstyle\u001b[39m=\u001b[32m\"padding: 26px 28px 22px; position: relative; overflow: hidden;\"\u001b[39m\n        \u001b[36m>\u001b[39m\n          \u001b[36m<div\u001b[39m\n            \u001b[33mstyle\u001b[39m=\u001b[32m\"position: absolute; top: -40px; right: -40px; width: 160px; height: 160px; border-radius: 50%; background: rgba(255, 255, 255, 0.07); pointer-events: none;\"\u001b[39m\n          \u001b[36m/>\u001b[39m\n          \u001b[36m<div\u001b[39m\n            \u001b[33mstyle\u001b[39m=\u001b[32m\"position: absolute; bottom: -30px; left: -20px; width: 100px; height: 100px; border-radius: 50%; background: rgba(255, 255, 255, 0.05); pointer-events: none;\"\u001b[39m\n          \u001b[36m/>\u001b[39m\n          \u001b[36m<div\u001b[39m\n            \u001b[33mstyle\u001b[39m=\u001b[32m\"display: flex; align-items: center; gap: 12px; margin-bottom: 14px; position: relative; z-index: 1;\"\u001b[39m\n          \u001b[36m>\u001b[39m\n            \u001b[36m<div\u001b[39m\n              \u001b[33mstyle\u001b[39m=\u001b[32m\"width: 44px; height: 44px; border-radius: 12px; background: rgba(255, 255, 255, 0.18); display: flex; align-items: center; justify-content: center; color: rgb(255, 255, 255); flex-shrink: 0;\"\u001b[39m\n            \u001b[36m>\u001b[39m\n              \u001b[36m<svg\u001b[39m\n                \u001b[33maria-hidden\u001b[39m=\u001b[32m\"true\"\u001b[39m\n                \u001b[33mfill\u001b[39m=\u001b[32m\"none\"\u001b[39m\n                \u001b[33mfocusable\u001b[39m=\u001b[32m\"false\"\u001b[39m\n                \u001b[33mheight\u001b[39m=\u001b[32m\"22\"\u001b[39m\n                \u001b[33mstroke\u001b[39m=\u001b[32m\"currentColor\"\u001b[39m\n                \u001b[33mstroke-linecap\u001b[39m=\u001b[32m\"round\"\u001b[39m\n                \u001b[33mstroke-linejoin\u001b[39m=\u001b[32m\"round\"\u001b[39m\n                \u001b[33mstroke-width\u001b[39m=\u001b[32m\"2\"\u001b[39m\n                \u001b[33mviewBox\u001b[39m=\u001b[32m\"0 0 24 24\"\u001b[39m\n                \u001b[33mwidth\u001b[39m=\u001b[32m\"22\"\u001b[39m\n              \u001b[36m>\u001b[39m\n                \u001b[36m<path\u001b[39m\n                  \u001b[33md\u001b[39m=\u001b[32m\"M4 19.5A2.5 2.5 0 0 1 6.5 17H20\"\u001b[39m\n                \u001b[36m/>\u001b[39m\n                \u001b[36m<path\u001b[39m\n                  \u001b[33md\u001b[39m=\u001b[32m\"M6.5 2H20v20H6.5A2.5 2.5 0 0 1 4 19.5v-15A2.5 2.5 0 0 1 6.5 2Z\"\u001b[39m\n                \u001b[36m/>\u001b[39m\n                \u001b[36m<path\u001b[39m\n                  \u001b[33md\u001b[39m=\u001b[32m\"M8 7h8\"\u001b[39m\n                \u001b[36m/>\u001b[39m\n                \u001b[36m<path\u001b[39m\n                  \u001b[33md\u001b[39m=\u001b[32m\"M8 11h8\"\u001b[39m\n                \u001b[36m/>\u001b[39m\n              \u001b[36m</svg>\u001b[39m\n            \u001b[36m</div>\u001b[39m\n            \u001b[36m<div>\u001b[39m\n              \u001b[36m<div\u001b[39m\n                \u001b[33mstyle\u001b[39m=\u001b[32m\"font-size: 11px; font-weight: 800; color: rgba(255, 255, 255, 0.65); text-transform: uppercase; letter-spacing: 0.12em;\"\u001b[39m\n              \u001b[36m>\u001b[39m\n                \u001b[0mIX Reading\u001b[0m\n              \u001b[36m</div>\u001b[39m\n              \u001b[36m<div\u001b[39m\n                \u001b[33mstyle\u001b[39m=\u001b[32m\"font-size: 10px; color: rgba(255, 255, 255, 0.45); letter-spacing: 0.06em;\"\u001b[39m\n              \u001b[36m>\u001b[39m\n                \u001b[0mReading Test\u001b[0m\n              \u001b[36m</div>\u001b[39m\n            \u001b[36m</div>\u001b[39m\n          \u001b[36m</div>\u001b[39m\n          \u001b[36m<h2\u001b[39m\n            \u001b[33mstyle\u001b[39m=\u001b[32m\"font-size: 18px; font-weight: 800; color: rgb(255, 255, 255); margin: 0px; line-height: 1.3; position: relative; z-index: 1; text-shadow: 0 1px 3px rgba(0,0,0,0.2);\"\u001b[39m\n          \u001b[36m>\u001b[39m\n            \u001b[0mSample Test\u001b[0m\n          \u001b[36m</h2>\u001b[39m\n        \u001b[36m</div>\u001b[39m\n        \u001b[36m<div\u001b[39m\n          \u001b[33mstyle\u001b[39m=\u001b[32m\"background: rgb(255, 255, 255); padding: 22px 24px;\"\u001b[39m\n        \u001b[36m>\u001b[39m\n          \u001b[36m<div\u001b[39m\n            \u001b[33mstyle\u001b[39m=\u001b[32m\"display: grid; grid-template-columns: repeat(auto-fit, minmax(120px, 1fr)); gap: 10px; margin-bottom: 16px;\"\u001b[39m\n          \u001b[36m>\u001b[39m\n            \u001b[36m<div\u001b[39m\n              \u001b[33mstyle\u001b[39m=\u001b[32m\"background: rgb(224, 242, 254); border: 1px solid #bae6fd; border-radius: 12px; padding: 14px 16px; text-align: center;\"\u001b[39m\n            \u001b[36m>\u001b[39m\n              \u001b[36m<div\u001b[39m\n                \u001b[33mstyle\u001b[39m=\u001b[32m\"font-size: 28px; font-weight: 800; color: rgb(3, 105, 161); line-height: 1;\"\u001b[39m\n              \u001b[36m>\u001b[39m\n                \u001b[0m60\u001b[0m\n              \u001b[36m</div>\u001b[39m\n              \u001b[36m<div\u001b[39m\n                \u001b[33mstyle\u001b[39m=\u001b[32m\"font-size: 11px; color: rgb(2, 132, 199); font-weight: 700; text-transform: uppercase; letter-spacing: 0.07em; margin-top: 4px;\"\u001b[39m\n              \u001b[36m>\u001b[39m\n                \u001b[0mMinutes\u001b[0m\n              \u001b[36m</div>\u001b[39m\n            \u001b[36m</div>\u001b[39m\n            \u001b[36m<div\u001b[39m\n              \u001b[33mstyle\u001b[39m=\u001b[32m\"background: rgb(240, 253, 244); border: 1px solid #bbf7d0; border-radius: 12px; padding: 14px 16px; text-align: center;\"\u001b[39m\n            \u001b[36m>\u001b[39m\n              \u001b[36m<div\u001b[39m\n                \u001b[33mstyle\u001b[39m=\u001b[32m\"font-size: 28px; font-weight: 800; color: rgb(21, 128, 61); line-height: 1;\"\u001b[39m\n              \u001b[36m>\u001b[39m\n                \u001b[0m5\u001b[0m\n              \u001b[36m</div>\u001b[39m\n              \u001b[36m<div\u001b[39m\n                \u001b[33mstyle\u001b[39m=\u001b[32m\"font-size: 11px; color: rgb(22, 163, 74); font-weight: 700; text-transform: uppercase; letter-spacing: 0.07em; margin-top: 4px;\"\u001b[39m\n              \u001b[36m>\u001b[39m\n                \u001b[0mQuestions\u001b[0m\n              \u001b[36m</div>\u001b[39m\n            \u001b[36m</div>\u001b[39m\n            \u001b[36m<div\u001b[39m\n              \u001b[33mstyle\u001b[39m=\u001b[32m\"background: rgb(255, 247, 237); border: 1px solid #fed7aa; border-radius: 12px; padding: 14px 16px; text-align: center;\"\u001b[39m\n            \u001b[36m>\u001b[39m\n              \u001b[36m<div\u001b[39m\n                \u001b[33mstyle\u001b[39m=\u001b[32m\"font-size: 28px; font-weight: 800; color: rgb(194, 65, 12); line-height: 1;\"\u001b[39m\n              \u001b[36m>\u001b[39m\n                \u001b[0m2\u001b[0m\n              \u001b[36m</div>\u001b[39m\n              \u001b[36m<div\u001b[39m\n                \u001b[33mstyle\u001b[39m=\u001b[32m\"font-size: 11px; color: rgb(234, 88, 12); font-weight: 700; text-transform: uppercase; letter-spacing: 0.07em; margin-top: 4px;\"\u001b[39m\n              \u001b[36m>\u001b[39m\n                \u001b[0mPassage\u001b[0m\n              \u001b[36m</div>\u001b[39m\n            \u001b[36m</div>\u001b[39m\n          \u001b[36m</div>\u001b[39m\n          \u001b[36m<div\u001b[39m\n            \u001b[33mstyle\u001b[39m=\u001b[32m\"background: rgb(255, 247, 237); border: 1px solid #fed7aa; border-radius: 10px; padding: 12px 14px; margin-bottom: 18px;\"\u001b[39m\n          \u001b[36m>\u001b[39m\n            \u001b[36m<div\u001b[39m\n              \u001b[33mstyle\u001b[39m=\u001b[32m\"font-weight: 700; color: rgb(194, 65, 12); font-size: 13px; margin-bottom: 4px;\"\u001b[39m\n            \u001b[36m>\u001b[39m\n              \u001b[0mImportant note\u001b[0m\n            \u001b[36m</div>\u001b[39m\n            \u001b[36m<div\u001b[39m\n              \u001b[33mstyle\u001b[39m=\u001b[32m\"font-size: 13px; color: rgb(154, 52, 18); line-height: 1.5;\"\u001b[39m\n            \u001b[36m>\u001b[39m\n              \u001b[0mThe timer starts as soon as you press Start. Your answers are auto-saved throughout the test and you can move between passages before submitting.\u001b[0m\n            \u001b[36m</div>\u001b[39m\n          \u001b[36m</div>\u001b[39m\n          \u001b[36m<div\u001b[39m\n            \u001b[33mstyle\u001b[39m=\u001b[32m\"display: flex; gap: 8px; justify-content: flex-end; flex-wrap: wrap; align-items: center;\"\u001b[39m\n          \u001b[36m>\u001b[39m\n            \u001b[36m<button\u001b[39m\n              \u001b[33mstyle\u001b[39m=\u001b[32m\"padding: 9px 18px; border-radius: 20px; border: 1.5px solid #e2e8f0; background: rgb(255, 255, 255); font-size: 13px; font-weight: 600; color: rgb(100, 116, 139); cursor: pointer;\"\u001b[39m\n              \u001b[33mtype\u001b[39m=\u001b[32m\"button\"\u001b[39m\n            \u001b[36m>\u001b[39m\n              \u001b[0mCancel\u001b[0m\n            \u001b[36m</button>\u001b[39m\n            \u001b[36m<button\u001b[39m\n              \u001b[33mstyle\u001b[39m=\u001b[32m\"padding: 11px 28px; border-radius: 20px; font-size: 14px; font-weight: 700; color: rgb(255, 255, 255); cursor: pointer; box-shadow: 0 4px 14px rgba(3,105,161,0.4);\"\u001b[39m\n              \u001b[33mtype\u001b[39m=\u001b[32m\"button\"\u001b[39m\n            \u001b[36m>\u001b[39m\n              \u001b[0mStart test\u001b[0m\n            \u001b[36m</button>\u001b[39m\n          \u001b[36m</div>\u001b[39m\n        \u001b[36m</div>\u001b[39m\n      \u001b[36m</div>\u001b[39m\n    \u001b[36m</div>\u001b[39m\n  \u001b[36m</div>\u001b[39m\n\u001b[36m</body>\u001b[39m\n    at waitForWrapper (G:\\Web Development Projects\\my-project-FIXED\\frontend\\node_modules\\@testing-library\\dom\\dist\\wait-for.js:163:27)\n    at G:\\Web Development Projects\\my-project-FIXED\\frontend\\node_modules\\@testing-library\\dom\\dist\\query-helpers.js:86:33\n    at Object.findByText (G:\\Web Development Projects\\my-project-FIXED\\frontend\\src\\features\\reading\\pages\\__tests__\\DoReadingTest.integration.test.jsx:53:18)\n    at Promise.then.completed (G:\\Web Development Projects\\my-project-FIXED\\frontend\\node_modules\\jest-circus\\build\\utils.js:298:28)\n    at new Promise (<anonymous>)\n    at callAsyncCircusFn (G:\\Web Development Projects\\my-project-FIXED\\frontend\\node_modules\\jest-circus\\build\\utils.js:231:10)\n    at _callCircusTest (G:\\Web Development Projects\\my-project-FIXED\\frontend\\node_modules\\jest-circus\\build\\run.js:316:40)\n    at _runTest (G:\\Web Development Projects\\my-project-FIXED\\frontend\\node_modules\\jest-circus\\build\\run.js:252:3)\n    at _runTestsForDescribeBlock (G:\\Web Development Projects\\my-project-FIXED\\frontend\\node_modules\\jest-circus\\build\\run.js:126:9)\n    at _runTestsForDescribeBlock (G:\\Web Development Projects\\my-project-FIXED\\frontend\\node_modules\\jest-circus\\build\\run.js:121:9)\n    at run (G:\\Web Development Projects\\my-project-FIXED\\frontend\\node_modules\\jest-circus\\build\\run.js:71:3)\n    at runAndTransformResultsToJestFormat (G:\\Web Development Projects\\my-project-FIXED\\frontend\\node_modules\\jest-circus\\build\\legacy-code-todo-rewrite\\jestAdapterInit.js:122:21)\n    at jestAdapter (G:\\Web Development Projects\\my-project-FIXED\\frontend\\node_modules\\jest-circus\\build\\legacy-code-todo-rewrite\\jestAdapter.js:79:19)\n    at runTestInternal (G:\\Web Development Projects\\my-project-FIXED\\frontend\\node_modules\\jest-runner\\build\\runTest.js:367:16)\n    at runTest (G:\\Web Development Projects\\my-project-FIXED\\frontend\\node_modules\\jest-runner\\build\\runTest.js:444:34)"],"fullName":"DoReadingTest integration - part navigation and focus clicking part dot focuses first question of that part","invocations":1,"location":null,"numPassingAsserts":0,"retryReasons":[],"status":"failed","title":"clicking part dot focuses first question of that part"},{"ancestorTitles":["DoReadingTest integration - part navigation and focus"],"duration":1006,"failureDetails":[{"name":"TestingLibraryElementError"}],"failureMessages":["Error: Unable to find an element with the text: PASSAGE 1. This could be because the text is broken up by multiple elements. In this case, you can provide a function for your text matcher to make your matcher more flexible.\n\nIgnored nodes: comments, script, style\n\u001b[36m<body>\u001b[39m\n  \u001b[36m<div>\u001b[39m\n    \u001b[36m<div\u001b[39m\n      \u001b[33maria-modal\u001b[39m=\u001b[32m\"true\"\u001b[39m\n      \u001b[33mrole\u001b[39m=\u001b[32m\"dialog\"\u001b[39m\n      \u001b[33mstyle\u001b[39m=\u001b[32m\"position: fixed; inset: 0; display: flex; align-items: center; justify-content: center; background: rgba(15, 23, 42, 0.68); z-index: 1200; padding: 16px;\"\u001b[39m\n    \u001b[36m>\u001b[39m\n      \u001b[36m<div\u001b[39m\n        \u001b[33mstyle\u001b[39m=\u001b[32m\"width: 100%; max-width: 540px; border-radius: 20px; overflow: hidden; box-shadow: 0 24px 48px rgba(15, 23, 42, 0.35); background: rgb(255, 255, 255);\"\u001b[39m\n      \u001b[36m>\u001b[39m\n        \u001b[36m<div\u001b[39m\n          \u001b[33mstyle\u001b[39m=\u001b[32m\"padding: 26px 28px 22px; position: relative; overflow: hidden;\"\u001b[39m\n        \u001b[36m>\u001b[39m\n          \u001b[36m<div\u001b[39m\n            \u001b[33mstyle\u001b[39m=\u001b[32m\"position: absolute; top: -40px; right: -40px; width: 160px; height: 160px; border-radius: 50%; background: rgba(255, 255, 255, 0.07); pointer-events: none;\"\u001b[39m\n          \u001b[36m/>\u001b[39m\n          \u001b[36m<div\u001b[39m\n            \u001b[33mstyle\u001b[39m=\u001b[32m\"position: absolute; bottom: -30px; left: -20px; width: 100px; height: 100px; border-radius: 50%; background: rgba(255, 255, 255, 0.05); pointer-events: none;\"\u001b[39m\n          \u001b[36m/>\u001b[39m\n          \u001b[36m<div\u001b[39m\n            \u001b[33mstyle\u001b[39m=\u001b[32m\"display: flex; align-items: center; gap: 12px; margin-bottom: 14px; position: relative; z-index: 1;\"\u001b[39m\n          \u001b[36m>\u001b[39m\n            \u001b[36m<div\u001b[39m\n              \u001b[33mstyle\u001b[39m=\u001b[32m\"width: 44px; height: 44px; border-radius: 12px; background: rgba(255, 255, 255, 0.18); display: flex; align-items: center; justify-content: center; color: rgb(255, 255, 255); flex-shrink: 0;\"\u001b[39m\n            \u001b[36m>\u001b[39m\n              \u001b[36m<svg\u001b[39m\n                \u001b[33maria-hidden\u001b[39m=\u001b[32m\"true\"\u001b[39m\n                \u001b[33mfill\u001b[39m=\u001b[32m\"none\"\u001b[39m\n                \u001b[33mfocusable\u001b[39m=\u001b[32m\"false\"\u001b[39m\n                \u001b[33mheight\u001b[39m=\u001b[32m\"22\"\u001b[39m\n                \u001b[33mstroke\u001b[39m=\u001b[32m\"currentColor\"\u001b[39m\n                \u001b[33mstroke-linecap\u001b[39m=\u001b[32m\"round\"\u001b[39m\n                \u001b[33mstroke-linejoin\u001b[39m=\u001b[32m\"round\"\u001b[39m\n                \u001b[33mstroke-width\u001b[39m=\u001b[32m\"2\"\u001b[39m\n                \u001b[33mviewBox\u001b[39m=\u001b[32m\"0 0 24 24\"\u001b[39m\n                \u001b[33mwidth\u001b[39m=\u001b[32m\"22\"\u001b[39m\n              \u001b[36m>\u001b[39m\n                \u001b[36m<path\u001b[39m\n                  \u001b[33md\u001b[39m=\u001b[32m\"M4 19.5A2.5 2.5 0 0 1 6.5 17H20\"\u001b[39m\n                \u001b[36m/>\u001b[39m\n                \u001b[36m<path\u001b[39m\n                  \u001b[33md\u001b[39m=\u001b[32m\"M6.5 2H20v20H6.5A2.5 2.5 0 0 1 4 19.5v-15A2.5 2.5 0 0 1 6.5 2Z\"\u001b[39m\n                \u001b[36m/>\u001b[39m\n                \u001b[36m<path\u001b[39m\n                  \u001b[33md\u001b[39m=\u001b[32m\"M8 7h8\"\u001b[39m\n                \u001b[36m/>\u001b[39m\n                \u001b[36m<path\u001b[39m\n                  \u001b[33md\u001b[39m=\u001b[32m\"M8 11h8\"\u001b[39m\n                \u001b[36m/>\u001b[39m\n              \u001b[36m</svg>\u001b[39m\n            \u001b[36m</div>\u001b[39m\n            \u001b[36m<div>\u001b[39m\n              \u001b[36m<div\u001b[39m\n                \u001b[33mstyle\u001b[39m=\u001b[32m\"font-size: 11px; font-weight: 800; color: rgba(255, 255, 255, 0.65); text-transform: uppercase; letter-spacing: 0.12em;\"\u001b[39m\n              \u001b[36m>\u001b[39m\n                \u001b[0mIX Reading\u001b[0m\n              \u001b[36m</div>\u001b[39m\n              \u001b[36m<div\u001b[39m\n                \u001b[33mstyle\u001b[39m=\u001b[32m\"font-size: 10px; color: rgba(255, 255, 255, 0.45); letter-spacing: 0.06em;\"\u001b[39m\n              \u001b[36m>\u001b[39m\n                \u001b[0mReading Test\u001b[0m\n              \u001b[36m</div>\u001b[39m\n            \u001b[36m</div>\u001b[39m\n          \u001b[36m</div>\u001b[39m\n          \u001b[36m<h2\u001b[39m\n            \u001b[33mstyle\u001b[39m=\u001b[32m\"font-size: 18px; font-weight: 800; color: rgb(255, 255, 255); margin: 0px; line-height: 1.3; position: relative; z-index: 1; text-shadow: 0 1px 3px rgba(0,0,0,0.2);\"\u001b[39m\n          \u001b[36m>\u001b[39m\n            \u001b[0mSample Test\u001b[0m\n          \u001b[36m</h2>\u001b[39m\n        \u001b[36m</div>\u001b[39m\n        \u001b[36m<div\u001b[39m\n          \u001b[33mstyle\u001b[39m=\u001b[32m\"background: rgb(255, 255, 255); padding: 22px 24px;\"\u001b[39m\n        \u001b[36m>\u001b[39m\n          \u001b[36m<div\u001b[39m\n            \u001b[33mstyle\u001b[39m=\u001b[32m\"display: grid; grid-template-columns: repeat(auto-fit, minmax(120px, 1fr)); gap: 10px; margin-bottom: 16px;\"\u001b[39m\n          \u001b[36m>\u001b[39m\n            \u001b[36m<div\u001b[39m\n              \u001b[33mstyle\u001b[39m=\u001b[32m\"background: rgb(224, 242, 254); border: 1px solid #bae6fd; border-radius: 12px; padding: 14px 16px; text-align: center;\"\u001b[39m\n            \u001b[36m>\u001b[39m\n              \u001b[36m<div\u001b[39m\n                \u001b[33mstyle\u001b[39m=\u001b[32m\"font-size: 28px; font-weight: 800; color: rgb(3, 105, 161); line-height: 1;\"\u001b[39m\n              \u001b[36m>\u001b[39m\n                \u001b[0m60\u001b[0m\n              \u001b[36m</div>\u001b[39m\n              \u001b[36m<div\u001b[39m\n                \u001b[33mstyle\u001b[39m=\u001b[32m\"font-size: 11px; color: rgb(2, 132, 199); font-weight: 700; text-transform: uppercase; letter-spacing: 0.07em; margin-top: 4px;\"\u001b[39m\n              \u001b[36m>\u001b[39m\n                \u001b[0mMinutes\u001b[0m\n              \u001b[36m</div>\u001b[39m\n            \u001b[36m</div>\u001b[39m\n            \u001b[36m<div\u001b[39m\n              \u001b[33mstyle\u001b[39m=\u001b[32m\"background: rgb(240, 253, 244); border: 1px solid #bbf7d0; border-radius: 12px; padding: 14px 16px; text-align: center;\"\u001b[39m\n            \u001b[36m>\u001b[39m\n              \u001b[36m<div\u001b[39m\n                \u001b[33mstyle\u001b[39m=\u001b[32m\"font-size: 28px; font-weight: 800; color: rgb(21, 128, 61); line-height: 1;\"\u001b[39m\n              \u001b[36m>\u001b[39m\n                \u001b[0m5\u001b[0m\n              \u001b[36m</div>\u001b[39m\n              \u001b[36m<div\u001b[39m\n                \u001b[33mstyle\u001b[39m=\u001b[32m\"font-size: 11px; color: rgb(22, 163, 74); font-weight: 700; text-transform: uppercase; letter-spacing: 0.07em; margin-top: 4px;\"\u001b[39m\n              \u001b[36m>\u001b[39m\n                \u001b[0mQuestions\u001b[0m\n              \u001b[36m</div>\u001b[39m\n            \u001b[36m</div>\u001b[39m\n            \u001b[36m<div\u001b[39m\n              \u001b[33mstyle\u001b[39m=\u001b[32m\"background: rgb(255, 247, 237); border: 1px solid #fed7aa; border-radius: 12px; padding: 14px 16px; text-align: center;\"\u001b[39m\n            \u001b[36m>\u001b[39m\n              \u001b[36m<div\u001b[39m\n                \u001b[33mstyle\u001b[39m=\u001b[32m\"font-size: 28px; font-weight: 800; color: rgb(194, 65, 12); line-height: 1;\"\u001b[39m\n              \u001b[36m>\u001b[39m\n                \u001b[0m2\u001b[0m\n              \u001b[36m</div>\u001b[39m\n              \u001b[36m<div\u001b[39m\n                \u001b[33mstyle\u001b[39m=\u001b[32m\"font-size: 11px; color: rgb(234, 88, 12); font-weight: 700; text-transform: uppercase; letter-spacing: 0.07em; margin-top: 4px;\"\u001b[39m\n              \u001b[36m>\u001b[39m\n                \u001b[0mPassage\u001b[0m\n              \u001b[36m</div>\u001b[39m\n            \u001b[36m</div>\u001b[39m\n          \u001b[36m</div>\u001b[39m\n          \u001b[36m<div\u001b[39m\n            \u001b[33mstyle\u001b[39m=\u001b[32m\"background: rgb(255, 247, 237); border: 1px solid #fed7aa; border-radius: 10px; padding: 12px 14px; margin-bottom: 18px;\"\u001b[39m\n          \u001b[36m>\u001b[39m\n            \u001b[36m<div\u001b[39m\n              \u001b[33mstyle\u001b[39m=\u001b[32m\"font-weight: 700; color: rgb(194, 65, 12); font-size: 13px; margin-bottom: 4px;\"\u001b[39m\n            \u001b[36m>\u001b[39m\n              \u001b[0mImportant note\u001b[0m\n            \u001b[36m</div>\u001b[39m\n            \u001b[36m<div\u001b[39m\n              \u001b[33mstyle\u001b[39m=\u001b[32m\"font-size: 13px; color: rgb(154, 52, 18); line-height: 1.5;\"\u001b[39m\n            \u001b[36m>\u001b[39m\n              \u001b[0mThe timer starts as soon as you press Start. Your answers are auto-saved throughout the test and you can move between passages before submitting.\u001b[0m\n            \u001b[36m</div>\u001b[39m\n          \u001b[36m</div>\u001b[39m\n          \u001b[36m<div\u001b[39m\n            \u001b[33mstyle\u001b[39m=\u001b[32m\"display: flex; gap: 8px; justify-content: flex-end; flex-wrap: wrap; align-items: center;\"\u001b[39m\n          \u001b[36m>\u001b[39m\n            \u001b[36m<button\u001b[39m\n              \u001b[33mstyle\u001b[39m=\u001b[32m\"padding: 9px 18px; border-radius: 20px; border: 1.5px solid #e2e8f0; background: rgb(255, 255, 255); font-size: 13px; font-weight: 600; color: rgb(100, 116, 139); cursor: pointer;\"\u001b[39m\n              \u001b[33mtype\u001b[39m=\u001b[32m\"button\"\u001b[39m\n            \u001b[36m>\u001b[39m\n              \u001b[0mCancel\u001b[0m\n            \u001b[36m</button>\u001b[39m\n            \u001b[36m<button\u001b[39m\n              \u001b[33mstyle\u001b[39m=\u001b[32m\"padding: 11px 28px; border-radius: 20px; font-size: 14px; font-weight: 700; color: rgb(255, 255, 255); cursor: pointer; box-shadow: 0 4px 14px rgba(3,105,161,0.4);\"\u001b[39m\n              \u001b[33mtype\u001b[39m=\u001b[32m\"button\"\u001b[39m\n            \u001b[36m>\u001b[39m\n              \u001b[0mStart test\u001b[0m\n            \u001b[36m</button>\u001b[39m\n          \u001b[36m</div>\u001b[39m\n        \u001b[36m</div>\u001b[39m\n      \u001b[36m</div>\u001b[39m\n    \u001b[36m</div>\u001b[39m\n  \u001b[36m</div>\u001b[39m\n\u001b[36m</body>\u001b[39m\n    at waitForWrapper (G:\\Web Development Projects\\my-project-FIXED\\frontend\\node_modules\\@testing-library\\dom\\dist\\wait-for.js:163:27)\n    at G:\\Web Development Projects\\my-project-FIXED\\frontend\\node_modules\\@testing-library\\dom\\dist\\query-helpers.js:86:33\n    at Object.findByText (G:\\Web Development Projects\\my-project-FIXED\\frontend\\src\\features\\reading\\pages\\__tests__\\DoReadingTest.integration.test.jsx:72:18)\n    at Promise.then.completed (G:\\Web Development Projects\\my-project-FIXED\\frontend\\node_modules\\jest-circus\\build\\utils.js:298:28)\n    at new Promise (<anonymous>)\n    at callAsyncCircusFn (G:\\Web Development Projects\\my-project-FIXED\\frontend\\node_modules\\jest-circus\\build\\utils.js:231:10)\n    at _callCircusTest (G:\\Web Development Projects\\my-project-FIXED\\frontend\\node_modules\\jest-circus\\build\\run.js:316:40)\n    at runNextTicks (node:internal/process/task_queues:65:5)\n    at listOnTimeout (node:internal/timers:549:9)\n    at processTimers (node:internal/timers:523:7)\n    at _runTest (G:\\Web Development Projects\\my-project-FIXED\\frontend\\node_modules\\jest-circus\\build\\run.js:252:3)\n    at _runTestsForDescribeBlock (G:\\Web Development Projects\\my-project-FIXED\\frontend\\node_modules\\jest-circus\\build\\run.js:126:9)\n    at _runTestsForDescribeBlock (G:\\Web Development Projects\\my-project-FIXED\\frontend\\node_modules\\jest-circus\\build\\run.js:121:9)\n    at run (G:\\Web Development Projects\\my-project-FIXED\\frontend\\node_modules\\jest-circus\\build\\run.js:71:3)\n    at runAndTransformResultsToJestFormat (G:\\Web Development Projects\\my-project-FIXED\\frontend\\node_modules\\jest-circus\\build\\legacy-code-todo-rewrite\\jestAdapterInit.js:122:21)\n    at jestAdapter (G:\\Web Development Projects\\my-project-FIXED\\frontend\\node_modules\\jest-circus\\build\\legacy-code-todo-rewrite\\jestAdapter.js:79:19)\n    at runTestInternal (G:\\Web Development Projects\\my-project-FIXED\\frontend\\node_modules\\jest-runner\\build\\runTest.js:367:16)\n    at runTest (G:\\Web Development Projects\\my-project-FIXED\\frontend\\node_modules\\jest-runner\\build\\runTest.js:444:34)"],"fullName":"DoReadingTest integration - part navigation and focus clicking Next focuses first question of next part","invocations":1,"location":null,"numPassingAsserts":0,"retryReasons":[],"status":"failed","title":"clicking Next focuses first question of next part"},{"ancestorTitles":["DoReadingTest integration - part navigation and focus"],"duration":1013,"failureDetails":[{"name":"TestingLibraryElementError"}],"failureMessages":["Error: Unable to find an element with the text: PASSAGE 1. This could be because the text is broken up by multiple elements. In this case, you can provide a function for your text matcher to make your matcher more flexible.\n\nIgnored nodes: comments, script, style\n\u001b[36m<body>\u001b[39m\n  \u001b[36m<div>\u001b[39m\n    \u001b[36m<div\u001b[39m\n      \u001b[33maria-modal\u001b[39m=\u001b[32m\"true\"\u001b[39m\n      \u001b[33mrole\u001b[39m=\u001b[32m\"dialog\"\u001b[39m\n      \u001b[33mstyle\u001b[39m=\u001b[32m\"position: fixed; inset: 0; display: flex; align-items: center; justify-content: center; background: rgba(15, 23, 42, 0.68); z-index: 1200; padding: 16px;\"\u001b[39m\n    \u001b[36m>\u001b[39m\n      \u001b[36m<div\u001b[39m\n        \u001b[33mstyle\u001b[39m=\u001b[32m\"width: 100%; max-width: 540px; border-radius: 20px; overflow: hidden; box-shadow: 0 24px 48px rgba(15, 23, 42, 0.35); background: rgb(255, 255, 255);\"\u001b[39m\n      \u001b[36m>\u001b[39m\n        \u001b[36m<div\u001b[39m\n          \u001b[33mstyle\u001b[39m=\u001b[32m\"padding: 26px 28px 22px; position: relative; overflow: hidden;\"\u001b[39m\n        \u001b[36m>\u001b[39m\n          \u001b[36m<div\u001b[39m\n            \u001b[33mstyle\u001b[39m=\u001b[32m\"position: absolute; top: -40px; right: -40px; width: 160px; height: 160px; border-radius: 50%; background: rgba(255, 255, 255, 0.07); pointer-events: none;\"\u001b[39m\n          \u001b[36m/>\u001b[39m\n          \u001b[36m<div\u001b[39m\n            \u001b[33mstyle\u001b[39m=\u001b[32m\"position: absolute; bottom: -30px; left: -20px; width: 100px; height: 100px; border-radius: 50%; background: rgba(255, 255, 255, 0.05); pointer-events: none;\"\u001b[39m\n          \u001b[36m/>\u001b[39m\n          \u001b[36m<div\u001b[39m\n            \u001b[33mstyle\u001b[39m=\u001b[32m\"display: flex; align-items: center; gap: 12px; margin-bottom: 14px; position: relative; z-index: 1;\"\u001b[39m\n          \u001b[36m>\u001b[39m\n            \u001b[36m<div\u001b[39m\n              \u001b[33mstyle\u001b[39m=\u001b[32m\"width: 44px; height: 44px; border-radius: 12px; background: rgba(255, 255, 255, 0.18); display: flex; align-items: center; justify-content: center; color: rgb(255, 255, 255); flex-shrink: 0;\"\u001b[39m\n            \u001b[36m>\u001b[39m\n              \u001b[36m<svg\u001b[39m\n                \u001b[33maria-hidden\u001b[39m=\u001b[32m\"true\"\u001b[39m\n                \u001b[33mfill\u001b[39m=\u001b[32m\"none\"\u001b[39m\n                \u001b[33mfocusable\u001b[39m=\u001b[32m\"false\"\u001b[39m\n                \u001b[33mheight\u001b[39m=\u001b[32m\"22\"\u001b[39m\n                \u001b[33mstroke\u001b[39m=\u001b[32m\"currentColor\"\u001b[39m\n                \u001b[33mstroke-linecap\u001b[39m=\u001b[32m\"round\"\u001b[39m\n                \u001b[33mstroke-linejoin\u001b[39m=\u001b[32m\"round\"\u001b[39m\n                \u001b[33mstroke-width\u001b[39m=\u001b[32m\"2\"\u001b[39m\n                \u001b[33mviewBox\u001b[39m=\u001b[32m\"0 0 24 24\"\u001b[39m\n                \u001b[33mwidth\u001b[39m=\u001b[32m\"22\"\u001b[39m\n              \u001b[36m>\u001b[39m\n                \u001b[36m<path\u001b[39m\n                  \u001b[33md\u001b[39m=\u001b[32m\"M4 19.5A2.5 2.5 0 0 1 6.5 17H20\"\u001b[39m\n                \u001b[36m/>\u001b[39m\n                \u001b[36m<path\u001b[39m\n                  \u001b[33md\u001b[39m=\u001b[32m\"M6.5 2H20v20H6.5A2.5 2.5 0 0 1 4 19.5v-15A2.5 2.5 0 0 1 6.5 2Z\"\u001b[39m\n                \u001b[36m/>\u001b[39m\n                \u001b[36m<path\u001b[39m\n                  \u001b[33md\u001b[39m=\u001b[32m\"M8 7h8\"\u001b[39m\n                \u001b[36m/>\u001b[39m\n                \u001b[36m<path\u001b[39m\n                  \u001b[33md\u001b[39m=\u001b[32m\"M8 11h8\"\u001b[39m\n                \u001b[36m/>\u001b[39m\n              \u001b[36m</svg>\u001b[39m\n            \u001b[36m</div>\u001b[39m\n            \u001b[36m<div>\u001b[39m\n              \u001b[36m<div\u001b[39m\n                \u001b[33mstyle\u001b[39m=\u001b[32m\"font-size: 11px; font-weight: 800; color: rgba(255, 255, 255, 0.65); text-transform: uppercase; letter-spacing: 0.12em;\"\u001b[39m\n              \u001b[36m>\u001b[39m\n                \u001b[0mIX Reading\u001b[0m\n              \u001b[36m</div>\u001b[39m\n              \u001b[36m<div\u001b[39m\n                \u001b[33mstyle\u001b[39m=\u001b[32m\"font-size: 10px; color: rgba(255, 255, 255, 0.45); letter-spacing: 0.06em;\"\u001b[39m\n              \u001b[36m>\u001b[39m\n                \u001b[0mReading Test\u001b[0m\n              \u001b[36m</div>\u001b[39m\n            \u001b[36m</div>\u001b[39m\n          \u001b[36m</div>\u001b[39m\n          \u001b[36m<h2\u001b[39m\n            \u001b[33mstyle\u001b[39m=\u001b[32m\"font-size: 18px; font-weight: 800; color: rgb(255, 255, 255); margin: 0px; line-height: 1.3; position: relative; z-index: 1; text-shadow: 0 1px 3px rgba(0,0,0,0.2);\"\u001b[39m\n          \u001b[36m>\u001b[39m\n            \u001b[0mSample Test\u001b[0m\n          \u001b[36m</h2>\u001b[39m\n        \u001b[36m</div>\u001b[39m\n        \u001b[36m<div\u001b[39m\n          \u001b[33mstyle\u001b[39m=\u001b[32m\"background: rgb(255, 255, 255); padding: 22px 24px;\"\u001b[39m\n        \u001b[36m>\u001b[39m\n          \u001b[36m<div\u001b[39m\n            \u001b[33mstyle\u001b[39m=\u001b[32m\"display: grid; grid-template-columns: repeat(auto-fit, minmax(120px, 1fr)); gap: 10px; margin-bottom: 16px;\"\u001b[39m\n          \u001b[36m>\u001b[39m\n            \u001b[36m<div\u001b[39m\n              \u001b[33mstyle\u001b[39m=\u001b[32m\"background: rgb(224, 242, 254); border: 1px solid #bae6fd; border-radius: 12px; padding: 14px 16px; text-align: center;\"\u001b[39m\n            \u001b[36m>\u001b[39m\n              \u001b[36m<div\u001b[39m\n                \u001b[33mstyle\u001b[39m=\u001b[32m\"font-size: 28px; font-weight: 800; color: rgb(3, 105, 161); line-height: 1;\"\u001b[39m\n              \u001b[36m>\u001b[39m\n                \u001b[0m60\u001b[0m\n              \u001b[36m</div>\u001b[39m\n              \u001b[36m<div\u001b[39m\n                \u001b[33mstyle\u001b[39m=\u001b[32m\"font-size: 11px; color: rgb(2, 132, 199); font-weight: 700; text-transform: uppercase; letter-spacing: 0.07em; margin-top: 4px;\"\u001b[39m\n              \u001b[36m>\u001b[39m\n                \u001b[0mMinutes\u001b[0m\n              \u001b[36m</div>\u001b[39m\n            \u001b[36m</div>\u001b[39m\n            \u001b[36m<div\u001b[39m\n              \u001b[33mstyle\u001b[39m=\u001b[32m\"background: rgb(240, 253, 244); border: 1px solid #bbf7d0; border-radius: 12px; padding: 14px 16px; text-align: center;\"\u001b[39m\n            \u001b[36m>\u001b[39m\n              \u001b[36m<div\u001b[39m\n                \u001b[33mstyle\u001b[39m=\u001b[32m\"font-size: 28px; font-weight: 800; color: rgb(21, 128, 61); line-height: 1;\"\u001b[39m\n              \u001b[36m>\u001b[39m\n                \u001b[0m5\u001b[0m\n              \u001b[36m</div>\u001b[39m\n              \u001b[36m<div\u001b[39m\n                \u001b[33mstyle\u001b[39m=\u001b[32m\"font-size: 11px; color: rgb(22, 163, 74); font-weight: 700; text-transform: uppercase; letter-spacing: 0.07em; margin-top: 4px;\"\u001b[39m\n              \u001b[36m>\u001b[39m\n                \u001b[0mQuestions\u001b[0m\n              \u001b[36m</div>\u001b[39m\n            \u001b[36m</div>\u001b[39m\n            \u001b[36m<div\u001b[39m\n              \u001b[33mstyle\u001b[39m=\u001b[32m\"background: rgb(255, 247, 237); border: 1px solid #fed7aa; border-radius: 12px; padding: 14px 16px; text-align: center;\"\u001b[39m\n            \u001b[36m>\u001b[39m\n              \u001b[36m<div\u001b[39m\n                \u001b[33mstyle\u001b[39m=\u001b[32m\"font-size: 28px; font-weight: 800; color: rgb(194, 65, 12); line-height: 1;\"\u001b[39m\n              \u001b[36m>\u001b[39m\n                \u001b[0m2\u001b[0m\n              \u001b[36m</div>\u001b[39m\n              \u001b[36m<div\u001b[39m\n                \u001b[33mstyle\u001b[39m=\u001b[32m\"font-size: 11px; color: rgb(234, 88, 12); font-weight: 700; text-transform: uppercase; letter-spacing: 0.07em; margin-top: 4px;\"\u001b[39m\n              \u001b[36m>\u001b[39m\n                \u001b[0mPassage\u001b[0m\n              \u001b[36m</div>\u001b[39m\n            \u001b[36m</div>\u001b[39m\n          \u001b[36m</div>\u001b[39m\n          \u001b[36m<div\u001b[39m\n            \u001b[33mstyle\u001b[39m=\u001b[32m\"background: rgb(255, 247, 237); border: 1px solid #fed7aa; border-radius: 10px; padding: 12px 14px; margin-bottom: 18px;\"\u001b[39m\n          \u001b[36m>\u001b[39m\n            \u001b[36m<div\u001b[39m\n              \u001b[33mstyle\u001b[39m=\u001b[32m\"font-weight: 700; color: rgb(194, 65, 12); font-size: 13px; margin-bottom: 4px;\"\u001b[39m\n            \u001b[36m>\u001b[39m\n              \u001b[0mImportant note\u001b[0m\n            \u001b[36m</div>\u001b[39m\n            \u001b[36m<div\u001b[39m\n              \u001b[33mstyle\u001b[39m=\u001b[32m\"font-size: 13px; color: rgb(154, 52, 18); line-height: 1.5;\"\u001b[39m\n            \u001b[36m>\u001b[39m\n              \u001b[0mThe timer starts as soon as you press Start. Your answers are auto-saved throughout the test and you can move between passages before submitting.\u001b[0m\n            \u001b[36m</div>\u001b[39m\n          \u001b[36m</div>\u001b[39m\n          \u001b[36m<div\u001b[39m\n            \u001b[33mstyle\u001b[39m=\u001b[32m\"display: flex; gap: 8px; justify-content: flex-end; flex-wrap: wrap; align-items: center;\"\u001b[39m\n          \u001b[36m>\u001b[39m\n            \u001b[36m<button\u001b[39m\n              \u001b[33mstyle\u001b[39m=\u001b[32m\"padding: 9px 18px; border-radius: 20px; border: 1.5px solid #e2e8f0; background: rgb(255, 255, 255); font-size: 13px; font-weight: 600; color: rgb(100, 116, 139); cursor: pointer;\"\u001b[39m\n              \u001b[33mtype\u001b[39m=\u001b[32m\"button\"\u001b[39m\n            \u001b[36m>\u001b[39m\n              \u001b[0mCancel\u001b[0m\n            \u001b[36m</button>\u001b[39m\n            \u001b[36m<button\u001b[39m\n              \u001b[33mstyle\u001b[39m=\u001b[32m\"padding: 11px 28px; border-radius: 20px; font-size: 14px; font-weight: 700; color: rgb(255, 255, 255); cursor: pointer; box-shadow: 0 4px 14px rgba(3,105,161,0.4);\"\u001b[39m\n              \u001b[33mtype\u001b[39m=\u001b[32m\"button\"\u001b[39m\n            \u001b[36m>\u001b[39m\n              \u001b[0mStart test\u001b[0m\n            \u001b[36m</button>\u001b[39m\n          \u001b[36m</div>\u001b[39m\n        \u001b[36m</div>\u001b[39m\n      \u001b[36m</div>\u001b[39m\n    \u001b[36m</div>\u001b[39m\n  \u001b[36m</div>\u001b[39m\n\u001b[36m</body>\u001b[39m\n    at waitForWrapper (G:\\Web Development Projects\\my-project-FIXED\\frontend\\node_modules\\@testing-library\\dom\\dist\\wait-for.js:163:27)\n    at G:\\Web Development Projects\\my-project-FIXED\\frontend\\node_modules\\@testing-library\\dom\\dist\\query-helpers.js:86:33\n    at Object.findByText (G:\\Web Development Projects\\my-project-FIXED\\frontend\\src\\features\\reading\\pages\\__tests__\\DoReadingTest.integration.test.jsx:102:18)\n    at Promise.then.completed (G:\\Web Development Projects\\my-project-FIXED\\frontend\\node_modules\\jest-circus\\build\\utils.js:298:28)\n    at new Promise (<anonymous>)\n    at callAsyncCircusFn (G:\\Web Development Projects\\my-project-FIXED\\frontend\\node_modules\\jest-circus\\build\\utils.js:231:10)\n    at _callCircusTest (G:\\Web Development Projects\\my-project-FIXED\\frontend\\node_modules\\jest-circus\\build\\run.js:316:40)\n    at _runTest (G:\\Web Development Projects\\my-project-FIXED\\frontend\\node_modules\\jest-circus\\build\\run.js:252:3)\n    at _runTestsForDescribeBlock (G:\\Web Development Projects\\my-project-FIXED\\frontend\\node_modules\\jest-circus\\build\\run.js:126:9)\n    at _runTestsForDescribeBlock (G:\\Web Development Projects\\my-project-FIXED\\frontend\\node_modules\\jest-circus\\build\\run.js:121:9)\n    at run (G:\\Web Development Projects\\my-project-FIXED\\frontend\\node_modules\\jest-circus\\build\\run.js:71:3)\n    at runAndTransformResultsToJestFormat (G:\\Web Development Projects\\my-project-FIXED\\frontend\\node_modules\\jest-circus\\build\\legacy-code-todo-rewrite\\jestAdapterInit.js:122:21)\n    at jestAdapter (G:\\Web Development Projects\\my-project-FIXED\\frontend\\node_modules\\jest-circus\\build\\legacy-code-todo-rewrite\\jestAdapter.js:79:19)\n    at runTestInternal (G:\\Web Development Projects\\my-project-FIXED\\frontend\\node_modules\\jest-runner\\build\\runTest.js:367:16)\n    at runTest (G:\\Web Development Projects\\my-project-FIXED\\frontend\\node_modules\\jest-runner\\build\\runTest.js:444:34)"],"fullName":"DoReadingTest integration - part navigation and focus after submit, closing result modal navigates to select-test","invocations":1,"location":null,"numPassingAsserts":0,"retryReasons":[],"status":"failed","title":"after submit, closing result modal navigates to select-test"}],"endTime":1776134087464,"message":"  ● DoReadingTest integration - part navigation and focus › clicking part dot focuses first question of that part\n\n    Unable to find an element with the text: PASSAGE 1. This could be because the text is broken up by multiple elements. In this case, you can provide a function for your text matcher to make your matcher more flexible.\n\n    Ignored nodes: comments, script, style\n    \u001b[36m<body>\u001b[39m\n      \u001b[36m<div>\u001b[39m\n        \u001b[36m<div\u001b[39m\n          \u001b[33maria-modal\u001b[39m=\u001b[32m\"true\"\u001b[39m\n          \u001b[33mrole\u001b[39m=\u001b[32m\"dialog\"\u001b[39m\n          \u001b[33mstyle\u001b[39m=\u001b[32m\"position: fixed; inset: 0; display: flex; align-items: center; justify-content: center; background: rgba(15, 23, 42, 0.68); z-index: 1200; padding: 16px;\"\u001b[39m\n        \u001b[36m>\u001b[39m\n          \u001b[36m<div\u001b[39m\n            \u001b[33mstyle\u001b[39m=\u001b[32m\"width: 100%; max-width: 540px; border-radius: 20px; overflow: hidden; box-shadow: 0 24px 48px rgba(15, 23, 42, 0.35); background: rgb(255, 255, 255);\"\u001b[39m\n          \u001b[36m>\u001b[39m\n            \u001b[36m<div\u001b[39m\n              \u001b[33mstyle\u001b[39m=\u001b[32m\"padding: 26px 28px 22px; position: relative; overflow: hidden;\"\u001b[39m\n            \u001b[36m>\u001b[39m\n              \u001b[36m<div\u001b[39m\n                \u001b[33mstyle\u001b[39m=\u001b[32m\"position: absolute; top: -40px; right: -40px; width: 160px; height: 160px; border-radius: 50%; background: rgba(255, 255, 255, 0.07); pointer-events: none;\"\u001b[39m\n              \u001b[36m/>\u001b[39m\n              \u001b[36m<div\u001b[39m\n                \u001b[33mstyle\u001b[39m=\u001b[32m\"position: absolute; bottom: -30px; left: -20px; width: 100px; height: 100px; border-radius: 50%; background: rgba(255, 255, 255, 0.05); pointer-events: none;\"\u001b[39m\n              \u001b[36m/>\u001b[39m\n              \u001b[36m<div\u001b[39m\n                \u001b[33mstyle\u001b[39m=\u001b[32m\"display: flex; align-items: center; gap: 12px; margin-bottom: 14px; position: relative; z-index: 1;\"\u001b[39m\n              \u001b[36m>\u001b[39m\n                \u001b[36m<div\u001b[39m\n                  \u001b[33mstyle\u001b[39m=\u001b[32m\"width: 44px; height: 44px; border-radius: 12px; background: rgba(255, 255, 255, 0.18); display: flex; align-items: center; justify-content: center; color: rgb(255, 255, 255); flex-shrink: 0;\"\u001b[39m\n                \u001b[36m>\u001b[39m\n                  \u001b[36m<svg\u001b[39m\n                    \u001b[33maria-hidden\u001b[39m=\u001b[32m\"true\"\u001b[39m\n                    \u001b[33mfill\u001b[39m=\u001b[32m\"none\"\u001b[39m\n                    \u001b[33mfocusable\u001b[39m=\u001b[32m\"false\"\u001b[39m\n                    \u001b[33mheight\u001b[39m=\u001b[32m\"22\"\u001b[39m\n                    \u001b[33mstroke\u001b[39m=\u001b[32m\"currentColor\"\u001b[39m\n                    \u001b[33mstroke-linecap\u001b[39m=\u001b[32m\"round\"\u001b[39m\n                    \u001b[33mstroke-linejoin\u001b[39m=\u001b[32m\"round\"\u001b[39m\n                    \u001b[33mstroke-width\u001b[39m=\u001b[32m\"2\"\u001b[39m\n                    \u001b[33mviewBox\u001b[39m=\u001b[32m\"0 0 24 24\"\u001b[39m\n                    \u001b[33mwidth\u001b[39m=\u001b[32m\"22\"\u001b[39m\n                  \u001b[36m>\u001b[39m\n                    \u001b[36m<path\u001b[39m\n                      \u001b[33md\u001b[39m=\u001b[32m\"M4 19.5A2.5 2.5 0 0 1 6.5 17H20\"\u001b[39m\n                    \u001b[36m/>\u001b[39m\n                    \u001b[36m<path\u001b[39m\n                      \u001b[33md\u001b[39m=\u001b[32m\"M6.5 2H20v20H6.5A2.5 2.5 0 0 1 4 19.5v-15A2.5 2.5 0 0 1 6.5 2Z\"\u001b[39m\n                    \u001b[36m/>\u001b[39m\n                    \u001b[36m<path\u001b[39m\n                      \u001b[33md\u001b[39m=\u001b[32m\"M8 7h8\"\u001b[39m\n                    \u001b[36m/>\u001b[39m\n                    \u001b[36m<path\u001b[39m\n                      \u001b[33md\u001b[39m=\u001b[32m\"M8 11h8\"\u001b[39m\n                    \u001b[36m/>\u001b[39m\n                  \u001b[36m</svg>\u001b[39m\n                \u001b[36m</div>\u001b[39m\n                \u001b[36m<div>\u001b[39m\n                  \u001b[36m<div\u001b[39m\n                    \u001b[33mstyle\u001b[39m=\u001b[32m\"font-size: 11px; font-weight: 800; color: rgba(255, 255, 255, 0.65); text-transform: uppercase; letter-spacing: 0.12em;\"\u001b[39m\n                  \u001b[36m>\u001b[39m\n                    \u001b[0mIX Reading\u001b[0m\n                  \u001b[36m</div>\u001b[39m\n                  \u001b[36m<div\u001b[39m\n                    \u001b[33mstyle\u001b[39m=\u001b[32m\"font-size: 10px; color: rgba(255, 255, 255, 0.45); letter-spacing: 0.06em;\"\u001b[39m\n                  \u001b[36m>\u001b[39m\n                    \u001b[0mReading Test\u001b[0m\n                  \u001b[36m</div>\u001b[39m\n                \u001b[36m</div>\u001b[39m\n              \u001b[36m</div>\u001b[39m\n              \u001b[36m<h2\u001b[39m\n                \u001b[33mstyle\u001b[39m=\u001b[32m\"font-size: 18px; font-weight: 800; color: rgb(255, 255, 255); margin: 0px; line-height: 1.3; position: relative; z-index: 1; text-shadow: 0 1px 3px rgba(0,0,0,0.2);\"\u001b[39m\n              \u001b[36m>\u001b[39m\n                \u001b[0mSample Test\u001b[0m\n              \u001b[36m</h2>\u001b[39m\n            \u001b[36m</div>\u001b[39m\n            \u001b[36m<div\u001b[39m\n              \u001b[33mstyle\u001b[39m=\u001b[32m\"background: rgb(255, 255, 255); padding: 22px 24px;\"\u001b[39m\n            \u001b[36m>\u001b[39m\n              \u001b[36m<div\u001b[39m\n                \u001b[33mstyle\u001b[39m=\u001b[32m\"display: grid; grid-template-columns: repeat(auto-fit, minmax(120px, 1fr)); gap: 10px; margin-bottom: 16px;\"\u001b[39m\n              \u001b[36m>\u001b[39m\n                \u001b[36m<div\u001b[39m\n                  \u001b[33mstyle\u001b[39m=\u001b[32m\"background: rgb(224, 242, 254); border: 1px solid #bae6fd; border-radius: 12px; padding: 14px 16px; text-align: center;\"\u001b[39m\n                \u001b[36m>\u001b[39m\n                  \u001b[36m<div\u001b[39m\n                    \u001b[33mstyle\u001b[39m=\u001b[32m\"font-size: 28px; font-weight: 800; color: rgb(3, 105, 161); line-height: 1;\"\u001b[39m\n                  \u001b[36m>\u001b[39m\n                    \u001b[0m60\u001b[0m\n                  \u001b[36m</div>\u001b[39m\n                  \u001b[36m<div\u001b[39m\n                    \u001b[33mstyle\u001b[39m=\u001b[32m\"font-size: 11px; color: rgb(2, 132, 199); font-weight: 700; text-transform: uppercase; letter-spacing: 0.07em; margin-top: 4px;\"\u001b[39m\n                  \u001b[36m>\u001b[39m\n                    \u001b[0mMinutes\u001b[0m\n                  \u001b[36m</div>\u001b[39m\n                \u001b[36m</div>\u001b[39m\n                \u001b[36m<div\u001b[39m\n                  \u001b[33mstyle\u001b[39m=\u001b[32m\"background: rgb(240, 253, 244); border: 1px solid #bbf7d0; border-radius: 12px; padding: 14px 16px; text-align: center;\"\u001b[39m\n                \u001b[36m>\u001b[39m\n                  \u001b[36m<div\u001b[39m\n                    \u001b[33mstyle\u001b[39m=\u001b[32m\"font-size: 28px; font-weight: 800; color: rgb(21, 128, 61); line-height: 1;\"\u001b[39m\n                  \u001b[36m>\u001b[39m\n                    \u001b[0m5\u001b[0m\n                  \u001b[36m</div>\u001b[39m\n                  \u001b[36m<div\u001b[39m\n                    \u001b[33mstyle\u001b[39m=\u001b[32m\"font-size: 11px; color: rgb(22, 163, 74); font-weight: 700; text-transform: uppercase; letter-spacing: 0.07em; margin-top: 4px;\"\u001b[39m\n                  \u001b[36m>\u001b[39m\n                    \u001b[0mQuestions\u001b[0m\n                  \u001b[36m</div>\u001b[39m\n                \u001b[36m</div>\u001b[39m\n                \u001b[36m<div\u001b[39m\n                  \u001b[33mstyle\u001b[39m=\u001b[32m\"background: rgb(255, 247, 237); border: 1px solid #fed7aa; border-radius: 12px; padding: 14px 16px; text-align: center;\"\u001b[39m\n                \u001b[36m>\u001b[39m\n                  \u001b[36m<div\u001b[39m\n                    \u001b[33mstyle\u001b[39m=\u001b[32m\"font-size: 28px; font-weight: 800; color: rgb(194, 65, 12); line-height: 1;\"\u001b[39m\n                  \u001b[36m>\u001b[39m\n                    \u001b[0m2\u001b[0m\n                  \u001b[36m</div>\u001b[39m\n                  \u001b[36m<div\u001b[39m\n                    \u001b[33mstyle\u001b[39m=\u001b[32m\"font-size: 11px; color: rgb(234, 88, 12); font-weight: 700; text-transform: uppercase; letter-spacing: 0.07em; margin-top: 4px;\"\u001b[39m\n                  \u001b[36m>\u001b[39m\n                    \u001b[0mPassage\u001b[0m\n                  \u001b[36m</div>\u001b[39m\n                \u001b[36m</div>\u001b[39m\n              \u001b[36m</div>\u001b[39m\n              \u001b[36m<div\u001b[39m\n                \u001b[33mstyle\u001b[39m=\u001b[32m\"background: rgb(255, 247, 237); border: 1px solid #fed7aa; border-radius: 10px; padding: 12px 14px; margin-bottom: 18px;\"\u001b[39m\n              \u001b[36m>\u001b[39m\n                \u001b[36m<div\u001b[39m\n                  \u001b[33mstyle\u001b[39m=\u001b[32m\"font-weight: 700; color: rgb(194, 65, 12); font-size: 13px; margin-bottom: 4px;\"\u001b[39m\n                \u001b[36m>\u001b[39m\n                  \u001b[0mImportant note\u001b[0m\n                \u001b[36m</div>\u001b[39m\n                \u001b[36m<div\u001b[39m\n                  \u001b[33mstyle\u001b[39m=\u001b[32m\"font-size: 13px; color: rgb(154, 52, 18); line-height: 1.5;\"\u001b[39m\n                \u001b[36m>\u001b[39m\n                  \u001b[0mThe timer starts as soon as you press Start. Your answers are auto-saved throughout the test and you can move between passages before submitting.\u001b[0m\n                \u001b[36m</div>\u001b[39m\n              \u001b[36m</div>\u001b[39m\n              \u001b[36m<div\u001b[39m\n                \u001b[33mstyle\u001b[39m=\u001b[32m\"display: flex; gap: 8px; justify-content: flex-end; flex-wrap: wrap; align-items: center;\"\u001b[39m\n              \u001b[36m>\u001b[39m\n                \u001b[36m<button\u001b[39m\n                  \u001b[33mstyle\u001b[39m=\u001b[32m\"padding: 9px 18px; border-radius: 20px; border: 1.5px solid #e2e8f0; background: rgb(255, 255, 255); font-size: 13px; font-weight: 600; color: rgb(100, 116, 139); cursor: pointer;\"\u001b[39m\n                  \u001b[33mtype\u001b[39m=\u001b[32m\"button\"\u001b[39m\n                \u001b[36m>\u001b[39m\n                  \u001b[0mCancel\u001b[0m\n                \u001b[36m</button>\u001b[39m\n                \u001b[36m<button\u001b[39m\n                  \u001b[33mstyle\u001b[39m=\u001b[32m\"padding: 11px 28px; border-radius: 20px; font-size: 14px; font-weight: 700; color: rgb(255, 255, 255); cursor: pointer; box-shadow: 0 4px 14px rgba(3,105,161,0.4);\"\u001b[39m\n                  \u001b[33mtype\u001b[39m=\u001b[32m\"button\"\u001b[39m\n                \u001b[36m>\u001b[39m\n                  \u001b[0mStart test\u001b[0m\n                \u001b[36m</button>\u001b[39m\n              \u001b[36m</div>\u001b[39m\n            \u001b[36m</div>\u001b[39m\n          \u001b[36m</div>\u001b[39m\n        \u001b[36m</div>\u001b[39m\n      \u001b[36m</div>\u001b[39m\n    \u001b[36m</body>\u001b[39m\n\n    \u001b[0m \u001b[90m 51 |\u001b[39m\n     \u001b[90m 52 |\u001b[39m     \u001b[90m// wait for passage to render\u001b[39m\n    \u001b[31m\u001b[1m>\u001b[22m\u001b[39m\u001b[90m 53 |\u001b[39m     \u001b[36mawait\u001b[39m screen\u001b[33m.\u001b[39mfindByText(\u001b[32m'PASSAGE 1'\u001b[39m)\u001b[33m;\u001b[39m\n     \u001b[90m    |\u001b[39m                  \u001b[31m\u001b[1m^\u001b[22m\u001b[39m\n     \u001b[90m 54 |\u001b[39m\n     \u001b[90m 55 |\u001b[39m     \u001b[90m// part 2 button (select by title to avoid ambiguity with question nav button)\u001b[39m\n     \u001b[90m 56 |\u001b[39m     \u001b[36mconst\u001b[39m part2 \u001b[33m=\u001b[39m screen\u001b[33m.\u001b[39mgetByTitle(\u001b[32m'Passage 2'\u001b[39m)\u001b[33m;\u001b[39m\u001b[0m\n\n      at waitForWrapper (node_modules/@testing-library/dom/dist/wait-for.js:163:27)\n      at node_modules/@testing-library/dom/dist/query-helpers.js:86:33\n      at Object.findByText (src/features/reading/pages/__tests__/DoReadingTest.integration.test.jsx:53:18)\n\n  ● DoReadingTest integration - part navigation and focus › clicking Next focuses first question of next part\n\n    Unable to find an element with the text: PASSAGE 1. This could be because the text is broken up by multiple elements. In this case, you can provide a function for your text matcher to make your matcher more flexible.\n\n    Ignored nodes: comments, script, style\n    \u001b[36m<body>\u001b[39m\n      \u001b[36m<div>\u001b[39m\n        \u001b[36m<div\u001b[39m\n          \u001b[33maria-modal\u001b[39m=\u001b[32m\"true\"\u001b[39m\n          \u001b[33mrole\u001b[39m=\u001b[32m\"dialog\"\u001b[39m\n          \u001b[33mstyle\u001b[39m=\u001b[32m\"position: fixed; inset: 0; display: flex; align-items: center; justify-content: center; background: rgba(15, 23, 42, 0.68); z-index: 1200; padding: 16px;\"\u001b[39m\n        \u001b[36m>\u001b[39m\n          \u001b[36m<div\u001b[39m\n            \u001b[33mstyle\u001b[39m=\u001b[32m\"width: 100%; max-width: 540px; border-radius: 20px; overflow: hidden; box-shadow: 0 24px 48px rgba(15, 23, 42, 0.35); background: rgb(255, 255, 255);\"\u001b[39m\n          \u001b[36m>\u001b[39m\n            \u001b[36m<div\u001b[39m\n              \u001b[33mstyle\u001b[39m=\u001b[32m\"padding: 26px 28px 22px; position: relative; overflow: hidden;\"\u001b[39m\n            \u001b[36m>\u001b[39m\n              \u001b[36m<div\u001b[39m\n                \u001b[33mstyle\u001b[39m=\u001b[32m\"position: absolute; top: -40px; right: -40px; width: 160px; height: 160px; border-radius: 50%; background: rgba(255, 255, 255, 0.07); pointer-events: none;\"\u001b[39m\n              \u001b[36m/>\u001b[39m\n              \u001b[36m<div\u001b[39m\n                \u001b[33mstyle\u001b[39m=\u001b[32m\"position: absolute; bottom: -30px; left: -20px; width: 100px; height: 100px; border-radius: 50%; background: rgba(255, 255, 255, 0.05); pointer-events: none;\"\u001b[39m\n              \u001b[36m/>\u001b[39m\n              \u001b[36m<div\u001b[39m\n                \u001b[33mstyle\u001b[39m=\u001b[32m\"display: flex; align-items: center; gap: 12px; margin-bottom: 14px; position: relative; z-index: 1;\"\u001b[39m\n              \u001b[36m>\u001b[39m\n                \u001b[36m<div\u001b[39m\n                  \u001b[33mstyle\u001b[39m=\u001b[32m\"width: 44px; height: 44px; border-radius: 12px; background: rgba(255, 255, 255, 0.18); display: flex; align-items: center; justify-content: center; color: rgb(255, 255, 255); flex-shrink: 0;\"\u001b[39m\n                \u001b[36m>\u001b[39m\n                  \u001b[36m<svg\u001b[39m\n                    \u001b[33maria-hidden\u001b[39m=\u001b[32m\"true\"\u001b[39m\n                    \u001b[33mfill\u001b[39m=\u001b[32m\"none\"\u001b[39m\n                    \u001b[33mfocusable\u001b[39m=\u001b[32m\"false\"\u001b[39m\n                    \u001b[33mheight\u001b[39m=\u001b[32m\"22\"\u001b[39m\n                    \u001b[33mstroke\u001b[39m=\u001b[32m\"currentColor\"\u001b[39m\n                    \u001b[33mstroke-linecap\u001b[39m=\u001b[32m\"round\"\u001b[39m\n                    \u001b[33mstroke-linejoin\u001b[39m=\u001b[32m\"round\"\u001b[39m\n                    \u001b[33mstroke-width\u001b[39m=\u001b[32m\"2\"\u001b[39m\n                    \u001b[33mviewBox\u001b[39m=\u001b[32m\"0 0 24 24\"\u001b[39m\n                    \u001b[33mwidth\u001b[39m=\u001b[32m\"22\"\u001b[39m\n                  \u001b[36m>\u001b[39m\n                    \u001b[36m<path\u001b[39m\n                      \u001b[33md\u001b[39m=\u001b[32m\"M4 19.5A2.5 2.5 0 0 1 6.5 17H20\"\u001b[39m\n                    \u001b[36m/>\u001b[39m\n                    \u001b[36m<path\u001b[39m\n                      \u001b[33md\u001b[39m=\u001b[32m\"M6.5 2H20v20H6.5A2.5 2.5 0 0 1 4 19.5v-15A2.5 2.5 0 0 1 6.5 2Z\"\u001b[39m\n                    \u001b[36m/>\u001b[39m\n                    \u001b[36m<path\u001b[39m\n                      \u001b[33md\u001b[39m=\u001b[32m\"M8 7h8\"\u001b[39m\n                    \u001b[36m/>\u001b[39m\n                    \u001b[36m<path\u001b[39m\n                      \u001b[33md\u001b[39m=\u001b[32m\"M8 11h8\"\u001b[39m\n                    \u001b[36m/>\u001b[39m\n                  \u001b[36m</svg>\u001b[39m\n                \u001b[36m</div>\u001b[39m\n                \u001b[36m<div>\u001b[39m\n                  \u001b[36m<div\u001b[39m\n                    \u001b[33mstyle\u001b[39m=\u001b[32m\"font-size: 11px; font-weight: 800; color: rgba(255, 255, 255, 0.65); text-transform: uppercase; letter-spacing: 0.12em;\"\u001b[39m\n                  \u001b[36m>\u001b[39m\n                    \u001b[0mIX Reading\u001b[0m\n                  \u001b[36m</div>\u001b[39m\n                  \u001b[36m<div\u001b[39m\n                    \u001b[33mstyle\u001b[39m=\u001b[32m\"font-size: 10px; color: rgba(255, 255, 255, 0.45); letter-spacing: 0.06em;\"\u001b[39m\n                  \u001b[36m>\u001b[39m\n                    \u001b[0mReading Test\u001b[0m\n                  \u001b[36m</div>\u001b[39m\n                \u001b[36m</div>\u001b[39m\n              \u001b[36m</div>\u001b[39m\n              \u001b[36m<h2\u001b[39m\n                \u001b[33mstyle\u001b[39m=\u001b[32m\"font-size: 18px; font-weight: 800; color: rgb(255, 255, 255); margin: 0px; line-height: 1.3; position: relative; z-index: 1; text-shadow: 0 1px 3px rgba(0,0,0,0.2);\"\u001b[39m\n              \u001b[36m>\u001b[39m\n                \u001b[0mSample Test\u001b[0m\n              \u001b[36m</h2>\u001b[39m\n            \u001b[36m</div>\u001b[39m\n            \u001b[36m<div\u001b[39m\n              \u001b[33mstyle\u001b[39m=\u001b[32m\"background: rgb(255, 255, 255); padding: 22px 24px;\"\u001b[39m\n            \u001b[36m>\u001b[39m\n              \u001b[36m<div\u001b[39m\n                \u001b[33mstyle\u001b[39m=\u001b[32m\"display: grid; grid-template-columns: repeat(auto-fit, minmax(120px, 1fr)); gap: 10px; margin-bottom: 16px;\"\u001b[39m\n              \u001b[36m>\u001b[39m\n                \u001b[36m<div\u001b[39m\n                  \u001b[33mstyle\u001b[39m=\u001b[32m\"background: rgb(224, 242, 254); border: 1px solid #bae6fd; border-radius: 12px; padding: 14px 16px; text-align: center;\"\u001b[39m\n                \u001b[36m>\u001b[39m\n                  \u001b[36m<div\u001b[39m\n                    \u001b[33mstyle\u001b[39m=\u001b[32m\"font-size: 28px; font-weight: 800; color: rgb(3, 105, 161); line-height: 1;\"\u001b[39m\n                  \u001b[36m>\u001b[39m\n                    \u001b[0m60\u001b[0m\n                  \u001b[36m</div>\u001b[39m\n                  \u001b[36m<div\u001b[39m\n                    \u001b[33mstyle\u001b[39m=\u001b[32m\"font-size: 11px; color: rgb(2, 132, 199); font-weight: 700; text-transform: uppercase; letter-spacing: 0.07em; margin-top: 4px;\"\u001b[39m\n                  \u001b[36m>\u001b[39m\n                    \u001b[0mMinutes\u001b[0m\n                  \u001b[36m</div>\u001b[39m\n                \u001b[36m</div>\u001b[39m\n                \u001b[36m<div\u001b[39m\n                  \u001b[33mstyle\u001b[39m=\u001b[32m\"background: rgb(240, 253, 244); border: 1px solid #bbf7d0; border-radius: 12px; padding: 14px 16px; text-align: center;\"\u001b[39m\n                \u001b[36m>\u001b[39m\n                  \u001b[36m<div\u001b[39m\n                    \u001b[33mstyle\u001b[39m=\u001b[32m\"font-size: 28px; font-weight: 800; color: rgb(21, 128, 61); line-height: 1;\"\u001b[39m\n                  \u001b[36m>\u001b[39m\n                    \u001b[0m5\u001b[0m\n                  \u001b[36m</div>\u001b[39m\n                  \u001b[36m<div\u001b[39m\n                    \u001b[33mstyle\u001b[39m=\u001b[32m\"font-size: 11px; color: rgb(22, 163, 74); font-weight: 700; text-transform: uppercase; letter-spacing: 0.07em; margin-top: 4px;\"\u001b[39m\n                  \u001b[36m>\u001b[39m\n                    \u001b[0mQuestions\u001b[0m\n                  \u001b[36m</div>\u001b[39m\n                \u001b[36m</div>\u001b[39m\n                \u001b[36m<div\u001b[39m\n                  \u001b[33mstyle\u001b[39m=\u001b[32m\"background: rgb(255, 247, 237); border: 1px solid #fed7aa; border-radius: 12px; padding: 14px 16px; text-align: center;\"\u001b[39m\n                \u001b[36m>\u001b[39m\n                  \u001b[36m<div\u001b[39m\n                    \u001b[33mstyle\u001b[39m=\u001b[32m\"font-size: 28px; font-weight: 800; color: rgb(194, 65, 12); line-height: 1;\"\u001b[39m\n                  \u001b[36m>\u001b[39m\n                    \u001b[0m2\u001b[0m\n                  \u001b[36m</div>\u001b[39m\n                  \u001b[36m<div\u001b[39m\n                    \u001b[33mstyle\u001b[39m=\u001b[32m\"font-size: 11px; color: rgb(234, 88, 12); font-weight: 700; text-transform: uppercase; letter-spacing: 0.07em; margin-top: 4px;\"\u001b[39m\n                  \u001b[36m>\u001b[39m\n                    \u001b[0mPassage\u001b[0m\n                  \u001b[36m</div>\u001b[39m\n                \u001b[36m</div>\u001b[39m\n              \u001b[36m</div>\u001b[39m\n              \u001b[36m<div\u001b[39m\n                \u001b[33mstyle\u001b[39m=\u001b[32m\"background: rgb(255, 247, 237); border: 1px solid #fed7aa; border-radius: 10px; padding: 12px 14px; margin-bottom: 18px;\"\u001b[39m\n              \u001b[36m>\u001b[39m\n                \u001b[36m<div\u001b[39m\n                  \u001b[33mstyle\u001b[39m=\u001b[32m\"font-weight: 700; color: rgb(194, 65, 12); font-size: 13px; margin-bottom: 4px;\"\u001b[39m\n                \u001b[36m>\u001b[39m\n                  \u001b[0mImportant note\u001b[0m\n                \u001b[36m</div>\u001b[39m\n                \u001b[36m<div\u001b[39m\n                  \u001b[33mstyle\u001b[39m=\u001b[32m\"font-size: 13px; color: rgb(154, 52, 18); line-height: 1.5;\"\u001b[39m\n                \u001b[36m>\u001b[39m\n                  \u001b[0mThe timer starts as soon as you press Start. Your answers are auto-saved throughout the test and you can move between passages before submitting.\u001b[0m\n                \u001b[36m</div>\u001b[39m\n              \u001b[36m</div>\u001b[39m\n              \u001b[36m<div\u001b[39m\n                \u001b[33mstyle\u001b[39m=\u001b[32m\"display: flex; gap: 8px; justify-content: flex-end; flex-wrap: wrap; align-items: center;\"\u001b[39m\n              \u001b[36m>\u001b[39m\n                \u001b[36m<button\u001b[39m\n                  \u001b[33mstyle\u001b[39m=\u001b[32m\"padding: 9px 18px; border-radius: 20px; border: 1.5px solid #e2e8f0; background: rgb(255, 255, 255); font-size: 13px; font-weight: 600; color: rgb(100, 116, 139); cursor: pointer;\"\u001b[39m\n                  \u001b[33mtype\u001b[39m=\u001b[32m\"button\"\u001b[39m\n                \u001b[36m>\u001b[39m\n                  \u001b[0mCancel\u001b[0m\n                \u001b[36m</button>\u001b[39m\n                \u001b[36m<button\u001b[39m\n                  \u001b[33mstyle\u001b[39m=\u001b[32m\"padding: 11px 28px; border-radius: 20px; font-size: 14px; font-weight: 700; color: rgb(255, 255, 255); cursor: pointer; box-shadow: 0 4px 14px rgba(3,105,161,0.4);\"\u001b[39m\n                  \u001b[33mtype\u001b[39m=\u001b[32m\"button\"\u001b[39m\n                \u001b[36m>\u001b[39m\n                  \u001b[0mStart test\u001b[0m\n                \u001b[36m</button>\u001b[39m\n              \u001b[36m</div>\u001b[39m\n            \u001b[36m</div>\u001b[39m\n          \u001b[36m</div>\u001b[39m\n        \u001b[36m</div>\u001b[39m\n      \u001b[36m</div>\u001b[39m\n    \u001b[36m</body>\u001b[39m\n\n    \u001b[0m \u001b[90m 70 |\u001b[39m     )\u001b[33m;\u001b[39m\n     \u001b[90m 71 |\u001b[39m\n    \u001b[31m\u001b[1m>\u001b[22m\u001b[39m\u001b[90m 72 |\u001b[39m     \u001b[36mawait\u001b[39m screen\u001b[33m.\u001b[39mfindByText(\u001b[32m'PASSAGE 1'\u001b[39m)\u001b[33m;\u001b[39m\n     \u001b[90m    |\u001b[39m                  \u001b[31m\u001b[1m^\u001b[22m\u001b[39m\n     \u001b[90m 73 |\u001b[39m\n     \u001b[90m 74 |\u001b[39m     \u001b[36mconst\u001b[39m nextBtn \u001b[33m=\u001b[39m screen\u001b[33m.\u001b[39mgetByText(\u001b[32m'Next'\u001b[39m)\u001b[33m;\u001b[39m\n     \u001b[90m 75 |\u001b[39m     fireEvent\u001b[33m.\u001b[39mclick(nextBtn)\u001b[33m;\u001b[39m\u001b[0m\n\n      at waitForWrapper (node_modules/@testing-library/dom/dist/wait-for.js:163:27)\n      at node_modules/@testing-library/dom/dist/query-helpers.js:86:33\n      at Object.findByText (src/features/reading/pages/__tests__/DoReadingTest.integration.test.jsx:72:18)\n\n  ● DoReadingTest integration - part navigation and focus › after submit, closing result modal navigates to select-test\n\n    Unable to find an element with the text: PASSAGE 1. This could be because the text is broken up by multiple elements. In this case, you can provide a function for your text matcher to make your matcher more flexible.\n\n    Ignored nodes: comments, script, style\n    \u001b[36m<body>\u001b[39m\n      \u001b[36m<div>\u001b[39m\n        \u001b[36m<div\u001b[39m\n          \u001b[33maria-modal\u001b[39m=\u001b[32m\"true\"\u001b[39m\n          \u001b[33mrole\u001b[39m=\u001b[32m\"dialog\"\u001b[39m\n          \u001b[33mstyle\u001b[39m=\u001b[32m\"position: fixed; inset: 0; display: flex; align-items: center; justify-content: center; background: rgba(15, 23, 42, 0.68); z-index: 1200; padding: 16px;\"\u001b[39m\n        \u001b[36m>\u001b[39m\n          \u001b[36m<div\u001b[39m\n            \u001b[33mstyle\u001b[39m=\u001b[32m\"width: 100%; max-width: 540px; border-radius: 20px; overflow: hidden; box-shadow: 0 24px 48px rgba(15, 23, 42, 0.35); background: rgb(255, 255, 255);\"\u001b[39m\n          \u001b[36m>\u001b[39m\n            \u001b[36m<div\u001b[39m\n              \u001b[33mstyle\u001b[39m=\u001b[32m\"padding: 26px 28px 22px; position: relative; overflow: hidden;\"\u001b[39m\n            \u001b[36m>\u001b[39m\n              \u001b[36m<div\u001b[39m\n                \u001b[33mstyle\u001b[39m=\u001b[32m\"position: absolute; top: -40px; right: -40px; width: 160px; height: 160px; border-radius: 50%; background: rgba(255, 255, 255, 0.07); pointer-events: none;\"\u001b[39m\n              \u001b[36m/>\u001b[39m\n              \u001b[36m<div\u001b[39m\n                \u001b[33mstyle\u001b[39m=\u001b[32m\"position: absolute; bottom: -30px; left: -20px; width: 100px; height: 100px; border-radius: 50%; background: rgba(255, 255, 255, 0.05); pointer-events: none;\"\u001b[39m\n              \u001b[36m/>\u001b[39m\n              \u001b[36m<div\u001b[39m\n                \u001b[33mstyle\u001b[39m=\u001b[32m\"display: flex; align-items: center; gap: 12px; margin-bottom: 14px; position: relative; z-index: 1;\"\u001b[39m\n              \u001b[36m>\u001b[39m\n                \u001b[36m<div\u001b[39m\n                  \u001b[33mstyle\u001b[39m=\u001b[32m\"width: 44px; height: 44px; border-radius: 12px; background: rgba(255, 255, 255, 0.18); display: flex; align-items: center; justify-content: center; color: rgb(255, 255, 255); flex-shrink: 0;\"\u001b[39m\n                \u001b[36m>\u001b[39m\n                  \u001b[36m<svg\u001b[39m\n                    \u001b[33maria-hidden\u001b[39m=\u001b[32m\"true\"\u001b[39m\n                    \u001b[33mfill\u001b[39m=\u001b[32m\"none\"\u001b[39m\n                    \u001b[33mfocusable\u001b[39m=\u001b[32m\"false\"\u001b[39m\n                    \u001b[33mheight\u001b[39m=\u001b[32m\"22\"\u001b[39m\n                    \u001b[33mstroke\u001b[39m=\u001b[32m\"currentColor\"\u001b[39m\n                    \u001b[33mstroke-linecap\u001b[39m=\u001b[32m\"round\"\u001b[39m\n                    \u001b[33mstroke-linejoin\u001b[39m=\u001b[32m\"round\"\u001b[39m\n                    \u001b[33mstroke-width\u001b[39m=\u001b[32m\"2\"\u001b[39m\n                    \u001b[33mviewBox\u001b[39m=\u001b[32m\"0 0 24 24\"\u001b[39m\n                    \u001b[33mwidth\u001b[39m=\u001b[32m\"22\"\u001b[39m\n                  \u001b[36m>\u001b[39m\n                    \u001b[36m<path\u001b[39m\n                      \u001b[33md\u001b[39m=\u001b[32m\"M4 19.5A2.5 2.5 0 0 1 6.5 17H20\"\u001b[39m\n                    \u001b[36m/>\u001b[39m\n                    \u001b[36m<path\u001b[39m\n                      \u001b[33md\u001b[39m=\u001b[32m\"M6.5 2H20v20H6.5A2.5 2.5 0 0 1 4 19.5v-15A2.5 2.5 0 0 1 6.5 2Z\"\u001b[39m\n                    \u001b[36m/>\u001b[39m\n                    \u001b[36m<path\u001b[39m\n                      \u001b[33md\u001b[39m=\u001b[32m\"M8 7h8\"\u001b[39m\n                    \u001b[36m/>\u001b[39m\n                    \u001b[36m<path\u001b[39m\n                      \u001b[33md\u001b[39m=\u001b[32m\"M8 11h8\"\u001b[39m\n                    \u001b[36m/>\u001b[39m\n                  \u001b[36m</svg>\u001b[39m\n                \u001b[36m</div>\u001b[39m\n                \u001b[36m<div>\u001b[39m\n                  \u001b[36m<div\u001b[39m\n                    \u001b[33mstyle\u001b[39m=\u001b[32m\"font-size: 11px; font-weight: 800; color: rgba(255, 255, 255, 0.65); text-transform: uppercase; letter-spacing: 0.12em;\"\u001b[39m\n                  \u001b[36m>\u001b[39m\n                    \u001b[0mIX Reading\u001b[0m\n                  \u001b[36m</div>\u001b[39m\n                  \u001b[36m<div\u001b[39m\n                    \u001b[33mstyle\u001b[39m=\u001b[32m\"font-size: 10px; color: rgba(255, 255, 255, 0.45); letter-spacing: 0.06em;\"\u001b[39m\n                  \u001b[36m>\u001b[39m\n                    \u001b[0mReading Test\u001b[0m\n                  \u001b[36m</div>\u001b[39m\n                \u001b[36m</div>\u001b[39m\n              \u001b[36m</div>\u001b[39m\n              \u001b[36m<h2\u001b[39m\n                \u001b[33mstyle\u001b[39m=\u001b[32m\"font-size: 18px; font-weight: 800; color: rgb(255, 255, 255); margin: 0px; line-height: 1.3; position: relative; z-index: 1; text-shadow: 0 1px 3px rgba(0,0,0,0.2);\"\u001b[39m\n              \u001b[36m>\u001b[39m\n                \u001b[0mSample Test\u001b[0m\n              \u001b[36m</h2>\u001b[39m\n            \u001b[36m</div>\u001b[39m\n            \u001b[36m<div\u001b[39m\n              \u001b[33mstyle\u001b[39m=\u001b[32m\"background: rgb(255, 255, 255); padding: 22px 24px;\"\u001b[39m\n            \u001b[36m>\u001b[39m\n              \u001b[36m<div\u001b[39m\n                \u001b[33mstyle\u001b[39m=\u001b[32m\"display: grid; grid-template-columns: repeat(auto-fit, minmax(120px, 1fr)); gap: 10px; margin-bottom: 16px;\"\u001b[39m\n              \u001b[36m>\u001b[39m\n                \u001b[36m<div\u001b[39m\n                  \u001b[33mstyle\u001b[39m=\u001b[32m\"background: rgb(224, 242, 254); border: 1px solid #bae6fd; border-radius: 12px; padding: 14px 16px; text-align: center;\"\u001b[39m\n                \u001b[36m>\u001b[39m\n                  \u001b[36m<div\u001b[39m\n                    \u001b[33mstyle\u001b[39m=\u001b[32m\"font-size: 28px; font-weight: 800; color: rgb(3, 105, 161); line-height: 1;\"\u001b[39m\n                  \u001b[36m>\u001b[39m\n                    \u001b[0m60\u001b[0m\n                  \u001b[36m</div>\u001b[39m\n                  \u001b[36m<div\u001b[39m\n                    \u001b[33mstyle\u001b[39m=\u001b[32m\"font-size: 11px; color: rgb(2, 132, 199); font-weight: 700; text-transform: uppercase; letter-spacing: 0.07em; margin-top: 4px;\"\u001b[39m\n                  \u001b[36m>\u001b[39m\n                    \u001b[0mMinutes\u001b[0m\n                  \u001b[36m</div>\u001b[39m\n                \u001b[36m</div>\u001b[39m\n                \u001b[36m<div\u001b[39m\n                  \u001b[33mstyle\u001b[39m=\u001b[32m\"background: rgb(240, 253, 244); border: 1px solid #bbf7d0; border-radius: 12px; padding: 14px 16px; text-align: center;\"\u001b[39m\n                \u001b[36m>\u001b[39m\n                  \u001b[36m<div\u001b[39m\n                    \u001b[33mstyle\u001b[39m=\u001b[32m\"font-size: 28px; font-weight: 800; color: rgb(21, 128, 61); line-height: 1;\"\u001b[39m\n                  \u001b[36m>\u001b[39m\n                    \u001b[0m5\u001b[0m\n                  \u001b[36m</div>\u001b[39m\n                  \u001b[36m<div\u001b[39m\n                    \u001b[33mstyle\u001b[39m=\u001b[32m\"font-size: 11px; color: rgb(22, 163, 74); font-weight: 700; text-transform: uppercase; letter-spacing: 0.07em; margin-top: 4px;\"\u001b[39m\n                  \u001b[36m>\u001b[39m\n                    \u001b[0mQuestions\u001b[0m\n                  \u001b[36m</div>\u001b[39m\n                \u001b[36m</div>\u001b[39m\n                \u001b[36m<div\u001b[39m\n                  \u001b[33mstyle\u001b[39m=\u001b[32m\"background: rgb(255, 247, 237); border: 1px solid #fed7aa; border-radius: 12px; padding: 14px 16px; text-align: center;\"\u001b[39m\n                \u001b[36m>\u001b[39m\n                  \u001b[36m<div\u001b[39m\n                    \u001b[33mstyle\u001b[39m=\u001b[32m\"font-size: 28px; font-weight: 800; color: rgb(194, 65, 12); line-height: 1;\"\u001b[39m\n                  \u001b[36m>\u001b[39m\n                    \u001b[0m2\u001b[0m\n                  \u001b[36m</div>\u001b[39m\n                  \u001b[36m<div\u001b[39m\n                    \u001b[33mstyle\u001b[39m=\u001b[32m\"font-size: 11px; color: rgb(234, 88, 12); font-weight: 700; text-transform: uppercase; letter-spacing: 0.07em; margin-top: 4px;\"\u001b[39m\n                  \u001b[36m>\u001b[39m\n                    \u001b[0mPassage\u001b[0m\n                  \u001b[36m</div>\u001b[39m\n                \u001b[36m</div>\u001b[39m\n              \u001b[36m</div>\u001b[39m\n              \u001b[36m<div\u001b[39m\n                \u001b[33mstyle\u001b[39m=\u001b[32m\"background: rgb(255, 247, 237); border: 1px solid #fed7aa; border-radius: 10px; padding: 12px 14px; margin-bottom: 18px;\"\u001b[39m\n              \u001b[36m>\u001b[39m\n                \u001b[36m<div\u001b[39m\n                  \u001b[33mstyle\u001b[39m=\u001b[32m\"font-weight: 700; color: rgb(194, 65, 12); font-size: 13px; margin-bottom: 4px;\"\u001b[39m\n                \u001b[36m>\u001b[39m\n                  \u001b[0mImportant note\u001b[0m\n                \u001b[36m</div>\u001b[39m\n                \u001b[36m<div\u001b[39m\n                  \u001b[33mstyle\u001b[39m=\u001b[32m\"font-size: 13px; color: rgb(154, 52, 18); line-height: 1.5;\"\u001b[39m\n                \u001b[36m>\u001b[39m\n                  \u001b[0mThe timer starts as soon as you press Start. Your answers are auto-saved throughout the test and you can move between passages before submitting.\u001b[0m\n                \u001b[36m</div>\u001b[39m\n              \u001b[36m</div>\u001b[39m\n              \u001b[36m<div\u001b[39m\n                \u001b[33mstyle\u001b[39m=\u001b[32m\"display: flex; gap: 8px; justify-content: flex-end; flex-wrap: wrap; align-items: center;\"\u001b[39m\n              \u001b[36m>\u001b[39m\n                \u001b[36m<button\u001b[39m\n                  \u001b[33mstyle\u001b[39m=\u001b[32m\"padding: 9px 18px; border-radius: 20px; border: 1.5px solid #e2e8f0; background: rgb(255, 255, 255); font-size: 13px; font-weight: 600; color: rgb(100, 116, 139); cursor: pointer;\"\u001b[39m\n                  \u001b[33mtype\u001b[39m=\u001b[32m\"button\"\u001b[39m\n                \u001b[36m>\u001b[39m\n                  \u001b[0mCancel\u001b[0m\n                \u001b[36m</button>\u001b[39m\n                \u001b[36m<button\u001b[39m\n                  \u001b[33mstyle\u001b[39m=\u001b[32m\"padding: 11px 28px; border-radius: 20px; font-size: 14px; font-weight: 700; color: rgb(255, 255, 255); cursor: pointer; box-shadow: 0 4px 14px rgba(3,105,161,0.4);\"\u001b[39m\n                  \u001b[33mtype\u001b[39m=\u001b[32m\"button\"\u001b[39m\n                \u001b[36m>\u001b[39m\n                  \u001b[0mStart test\u001b[0m\n                \u001b[36m</button>\u001b[39m\n              \u001b[36m</div>\u001b[39m\n            \u001b[36m</div>\u001b[39m\n          \u001b[36m</div>\u001b[39m\n        \u001b[36m</div>\u001b[39m\n      \u001b[36m</div>\u001b[39m\n    \u001b[36m</body>\u001b[39m\n\n    \u001b[0m \u001b[90m 100 |\u001b[39m\n     \u001b[90m 101 |\u001b[39m     \u001b[90m// wait for test to render\u001b[39m\n    \u001b[31m\u001b[1m>\u001b[22m\u001b[39m\u001b[90m 102 |\u001b[39m     \u001b[36mawait\u001b[39m screen\u001b[33m.\u001b[39mfindByText(\u001b[32m'PASSAGE 1'\u001b[39m)\u001b[33m;\u001b[39m\n     \u001b[90m     |\u001b[39m                  \u001b[31m\u001b[1m^\u001b[22m\u001b[39m\n     \u001b[90m 103 |\u001b[39m\n     \u001b[90m 104 |\u001b[39m     \u001b[90m// click submit\u001b[39m\n     \u001b[90m 105 |\u001b[39m     \u001b[36mconst\u001b[39m submitBtn \u001b[33m=\u001b[39m screen\u001b[33m.\u001b[39mgetByTestId(\u001b[32m'submit-button'\u001b[39m)\u001b[33m;\u001b[39m\u001b[0m\n\n      at waitForWrapper (node_modules/@testing-library/dom/dist/wait-for.js:163:27)\n      at node_modules/@testing-library/dom/dist/query-helpers.js:86:33\n      at Object.findByText (src/features/reading/pages/__tests__/DoReadingTest.integration.test.jsx:102:18)\n","name":"G:\\Web Development Projects\\my-project-FIXED\\frontend\\src\\features\\reading\\pages\\__tests__\\DoReadingTest.integration.test.jsx","startTime":1776134083560,"status":"failed","summary":""},{"assertionResults":[{"ancestorTitles":[],"duration":1050,"failureDetails":[{"name":"TestingLibraryElementError"}],"failureMessages":["Error: Unable to find an element with the text: /Reading Submissions/i. This could be because the text is broken up by multiple elements. In this case, you can provide a function for your text matcher to make your matcher more flexible.\n\nIgnored nodes: comments, script, style\n\u001b[36m<body>\u001b[39m\n  \u001b[36m<div>\u001b[39m\n    \u001b[36m<nav\u001b[39m\n      \u001b[33mclass\u001b[39m=\u001b[32m\"adminNavbar\"\u001b[39m\n    \u001b[36m>\u001b[39m\n      \u001b[36m<div\u001b[39m\n        \u001b[33mclass\u001b[39m=\u001b[32m\"adminNavbar__left\"\u001b[39m\n      \u001b[36m>\u001b[39m\n        \u001b[36m<a\u001b[39m\n          \u001b[33mclass\u001b[39m=\u001b[32m\"adminNavbar__logoLink\"\u001b[39m\n          \u001b[33mhref\u001b[39m=\u001b[32m\"/select-test\"\u001b[39m\n          \u001b[33mtitle\u001b[39m=\u001b[32m\"Test list\"\u001b[39m\n        \u001b[36m>\u001b[39m\n          \u001b[36m<img\u001b[39m\n            \u001b[33malt\u001b[39m=\u001b[32m\"Logo\"\u001b[39m\n            \u001b[33mclass\u001b[39m=\u001b[32m\"adminNavbar__logo\"\u001b[39m\n            \u001b[33msrc\u001b[39m=\u001b[32m\"/uploads/staredu.jpg\"\u001b[39m\n          \u001b[36m/>\u001b[39m\n        \u001b[36m</a>\u001b[39m\n        \u001b[36m<div\u001b[39m\n          
[...]
\\frontend\\src\\features\\listening\\__tests__\\doListeningNumbering.test.jsx","startTime":1776134091202,"status":"passed","summary":""},{"assertionResults":[{"ancestorTitles":["Listening start gate (play modal)"],"duration":116,"failureDetails":[],"failureMessages":[],"fullName":"Listening start gate (play modal) shows start modal and plays audio on user confirmation","invocations":1,"location":null,"numPassingAsserts":14,"retryReasons":[],"status":"passed","title":"shows start modal and plays audio on user confirmation"}],"endTime":1776134091945,"message":"","name":"G:\\Web Development Projects\\my-project-FIXED\\frontend\\src\\features\\listening\\__tests__\\playGate.test.jsx","startTime":1776134091716,"status":"passed","summary":""},{"assertionResults":[{"ancestorTitles":[],"duration":84,"failureDetails":[],"failureMessages":[],"fullName":"QuestionSection does not include Listening-only question types in reading editor","invocations":1,"location":null,"numPassingAsserts":8,"retryReasons":[],"status":"passed","title":"QuestionSection does not include Listening-only question types in reading editor"}],"endTime":1776134092212,"message":"","name":"G:\\Web Development Projects\\my-project-FIXED\\frontend\\src\\shared\\components\\__tests__\\QuestionSection.test.jsx","startTime":1776134091959,"status":"passed","summary":""},{"assertionResults":[{"ancestorTitles":[],"duration":40,"failureDetails":[],"failureMessages":[],"fullName":"parses blanks, numbers them and validates input","invocations":1,"location":null,"numPassingAsserts":3,"retryReasons":[],"status":"passed","title":"parses blanks, numbers them and validates input"},{"ancestorTitles":[],"duration":13,"failureDetails":[],"failureMessages":[],"fullName":"preserves multiline cells and removes duplicate list prefixes in comments","invocations":1,"location":null,"numPassingAsserts":6,"retryReasons":[],"status":"passed","title":"preserves multiline cells and removes duplicate list prefixes in comments"},{"ancestorTitles":[],"duration":22,"failureDetails":[],"failureMessages":[],"fullName":"smoke edits legacy comment blanks stored in cellBlankAnswers","invocations":1,"location":null,"numPassingAsserts":4,"retryReasons":[],"status":"passed","title":"smoke edits legacy comment blanks stored in cellBlankAnswers"}],"endTime":1776134092403,"message":"","name":"G:\\Web Development Projects\\my-project-FIXED\\frontend\\src\\shared\\components\\questions\\editors\\__tests__\\TableCompletion.test.jsx","startTime":1776134092222,"status":"passed","summary":""},{"assertionResults":[{"ancestorTitles":["ListeningStudentStyleReview"],"duration":92,"failureDetails":[],"failureMessages":[],"fullName":"ListeningStudentStyleReview renders the major listening review question types without runtime crashes","invocations":1,"location":null,"numPassingAsserts":10,"retryReasons":[],"status":"passed","title":"renders the major listening review question types without runtime crashes"}],"endTime":1776134092622,"message":"","name":"G:\\Web Development Projects\\my-project-FIXED\\frontend\\src\\features\\listening\\components\\__tests__\\ListeningStudentStyleReview.test.jsx","startTime":1776134092415,"status":"passed","summary":""},{"assertionResults":[{"ancestorTitles":["ClozeTestQuestion"],"duration":23,"failureDetails":[],"failureMessages":[],"fullName":"ClozeTestQuestion keeps multiline teacher input in reading cloze table mode","invocations":1,"location":null,"numPassingAsserts":3,"retryReasons":[],"status":"passed","title":"keeps multiline teacher input in reading cloze table mode"}],"endTime":1776134092755,"message":"","name":"G:\\Web Development Projects\\my-project-FIXED\\frontend\\src\\shared\\components\\__tests__\\ClozeTestQuestion.test.jsx","startTime":1776134092629,"status":"passed","summary":""},{"assertionResults":[{"ancestorTitles":["AppErrorBoundary"],"duration":24,"failureDetails":[],"failureMessages":[],"fullName":"AppErrorBoundary reloads the page automatically after the first crash","invocations":1,"location":null,"numPassingAsserts":2,"retryReasons":[],"status":"passed","title":"reloads the page automatically after the first crash"},{"ancestorTitles":["AppErrorBoundary"],"duration":7,"failureDetails":[],"failureMessages":[],"fullName":"AppErrorBoundary redirects to login after repeated crashes inside the retry window","invocations":1,"location":null,"numPassingAsserts":2,"retryReasons":[],"status":"passed","title":"redirects to login after repeated crashes inside the retry window"}],"endTime":1776134092902,"message":"","name":"G:\\Web Development Projects\\my-project-FIXED\\frontend\\src\\shared\\components\\__tests__\\AppErrorBoundary.test.jsx","startTime":1776134092766,"status":"passed","summary":""},{"assertionResults":[{"ancestorTitles":["renderHtmlWithBlankPlaceholders"],"duration":9,"failureDetails":[],"failureMessages":[],"fullName":"renderHtmlWithBlankPlaceholders preserves paragraph and list structure while inserting blanks","invocations":1,"location":null,"numPassingAsserts":6,"retryReasons":[],"status":"passed","title":"preserves paragraph and list structure while inserting blanks"},{"ancestorTitles":["renderHtmlWithBlankPlaceholders"],"duration":6,"failureDetails":[],"failureMessages":[],"fullName":"renderHtmlWithBlankPlaceholders preserves Quill classes and inline styles for formatted headings","invocations":1,"location":null,"numPassingAsserts":3,"retryReasons":[],"status":"passed","title":"preserves Quill classes and inline styles for formatted headings"}],"endTime":1776134093059,"message":"","name":"G:\\Web Development Projects\\my-project-FIXED\\frontend\\src\\features\\reading\\utils\\__tests__\\htmlHelpers.test.jsx","startTime":1776134092933,"status":"passed","summary":""},{"assertionResults":[{"ancestorTitles":["generateDetailsFromSections - full test data"],"duration":1,"failureDetails":[],"failureMessages":[],"fullName":"generateDetailsFromSections - full test data returns 40 detail rows for full test structure (total 40)","invocations":1,"location":null,"numPassingAsserts":1,"retryReasons":[],"status":"passed","title":"returns 40 detail rows for full test structure (total 40)"}],"endTime":1776134093175,"message":"","name":"G:\\Web Development Projects\\my-project-FIXED\\frontend\\src\\features\\listening\\__tests__\\generateDetails_full_test.js","startTime":1776134093071,"status":"passed","summary":""},{"assertionResults":[{"ancestorTitles":["questionHelpers","getQuestionCount"],"duration":1,"failureDetails":[],"failureMessages":[],"fullName":"questionHelpers getQuestionCount returns 1 for a single number or falsy input","invocations":1,"location":null,"numPassingAsserts":3,"retryReasons":[],"status":"passed","title":"returns 1 for a single number or falsy input"},{"ancestorTitles":["questionHelpers","getQuestionCount"],"duration":1,"failureDetails":[],"failureMessages":[],"fullName":"questionHelpers getQuestionCount parses range format '38-40' as 3 questions","invocations":1,"location":null,"numPassingAsserts":1,"retryReasons":[],"status":"passed","title":"parses range format '38-40' as 3 questions"},{"ancestorTitles":["questionHelpers","getQuestionCount"],"duration":0,"failureDetails":[],"failureMessages":[],"fullName":"questionHelpers getQuestionCount parses comma-separated '38,39,40' as 3 questions","invocations":1,"location":null,"numPassingAsserts":1,"retryReasons":[],"status":"passed","title":"parses comma-separated '38,39,40' as 3 questions"},{"ancestorTitles":["questionHelpers","getQuestionStart"],"duration":0,"failureDetails":[],"failureMessages":[],"fullName":"questionHelpers getQuestionStart extracts the first question number from supported formats","invocations":1,"location":null,"numPassingAsserts":4,"retryReasons":[],"status":"passed","title":"extracts the first question number from supported formats"},{"ancestorTitles":["questionHelpers","getImpliedQuestionCount"],"duration":1,"failureDetails":[],"failureMessages":[],"fullName":"questionHelpers getImpliedQuestionCount uses blanks array when questionNumber is missing","invocations":1,"location":null,"numPassingAsserts":1,"retryReasons":[],"status":"passed","title":"uses blanks array when questionNumber is missing"},{"ancestorTitles":["questionHelpers","getImpliedQuestionCount"],"duration":0,"failureDetails":[],"failureMessages":[],"fullName":"questionHelpers getImpliedQuestionCount falls back to counting [BLANK] tokens from text","invocations":1,"location":null,"numPassingAsserts":1,"retryReasons":[],"status":"passed","title":"falls back to counting [BLANK] tokens from text"},{"ancestorTitles":["questionHelpers","getImpliedQuestionCount"],"duration":1,"failureDetails":[],"failureMessages":[],"fullName":"questionHelpers getImpliedQuestionCount uses the larger structural count for summary completion blanks","invocations":1,"location":null,"numPassingAsserts":1,"retryReasons":[],"status":"passed","title":"uses the larger structural count for summary completion blanks"},{"ancestorTitles":["questionHelpers","getImpliedQuestionCount"],"duration":0,"failureDetails":[],"failureMessages":[],"fullName":"questionHelpers getImpliedQuestionCount counts active cloze table blanks when table mode is enabled","invocations":1,"location":null,"numPassingAsserts":1,"retryReasons":[],"status":"passed","title":"counts active cloze table blanks when table mode is enabled"},{"ancestorTitles":["questionHelpers","cloze helpers"],"duration":0,"failureDetails":[],"failureMessages":[],"fullName":"questionHelpers cloze helpers ignores stale clozeTable data when the question is in paragraph mode","invocations":1,"location":null,"numPassingAsserts":3,"retryReasons":[],"status":"passed","title":"ignores stale clozeTable data when the question is in paragraph mode"},{"ancestorTitles":["questionHelpers","cloze helpers"],"duration":0,"failureDetails":[],"failureMessages":[],"fullName":"questionHelpers cloze helpers starts new cloze questions without sample table payload","invocations":1,"location":null,"numPassingAsserts":3,"retryReasons":[],"status":"passed","title":"starts new cloze questions without sample table payload"},{"ancestorTitles":["questionHelpers","cloze helpers"],"duration":1,"failureDetails":[],"failureMessages":[],"fullName":"questionHelpers cloze helpers normalizes table rows to the active column count","invocations":1,"location":null,"numPassingAsserts":2,"retryReasons":[],"status":"passed","title":"normalizes table rows to the active column count"},{"ancestorTitles":["questionHelpers","normalizeQuestionType"],"duration":0,"failureDetails":[],"failureMessages":[],"fullName":"questionHelpers normalizeQuestionType normalizes matching-headings variants to 'ielts-matching-headings'","invocations":1,"location":null,"numPassingAsserts":2,"retryReasons":[],"status":"passed","title":"normalizes matching-headings variants to 'ielts-matching-headings'"},{"ancestorTitles":["questionHelpers","normalizeQuestionType"],"duration":0,"failureDetails":[],"failureMessages":[],"fullName":"questionHelpers normalizeQuestionType normalizes yes/no and true/false variants","invocations":1,"location":null,"numPassingAsserts":2,"retryReasons":[],"status":"passed","title":"normalizes yes/no and true/false variants"},{"ancestorTitles":["questionHelpers","calculateTotalQuestions"],"duration":1,"failureDetails":[],"failureMessages":[],"fullName":"questionHelpers calculateTotalQuestions calculates total from a variety of questionNumber formats","invocations":1,"location":null,"numPassingAsserts":1,"retryReasons":[],"status":"passed","title":"calculates total from a variety of questionNumber formats"},{"ancestorTitles":["questionHelpers","calculateTotalQuestions"],"duration":0,"failureDetails":[],"failureMessages":[],"fullName":"questionHelpers calculateTotalQuestions counts summary completion blanks even when the stored questionNumber is a single number","invocations":1,"location":null,"numPassingAsserts":1,"retryReasons":[],"status":"passed","title":"counts summary completion blanks even when the stored questionNumber is a single number"},{"ancestorTitles":["questionHelpers","formatQuestionNumber"],"duration":0,"failureDetails":[],"failureMessages":[],"fullName":"questionHelpers formatQuestionNumber returns a single number when the question count is one","invocations":1,"location":null,"numPassingAsserts":1,"retryReasons":[],"status":"passed","title":"returns a single number when the question count is one"},{"ancestorTitles":["questionHelpers","formatQuestionNumber"],"duration":1,"failureDetails":[],"failureMessages":[],"fullName":"questionHelpers formatQuestionNumber formats a range for multi-question blocks","invocations":1,"location":null,"numPassingAsserts":1,"retryReasons":[],"status":"passed","title":"formats a range for multi-question blocks"},{"ancestorTitles":["questionHelpers","formatQuestionNumber"],"duration":0,"failureDetails":[],"failureMessages":[],"fullName":"questionHelpers formatQuestionNumber preserves comma-style numbering when the template used commas","invocations":1,"location":null,"numPassingAsserts":1,"retryReasons":[],"status":"passed","title":"preserves comma-style numbering when the template used commas"},{"ancestorTitles":["questionHelpers","getNextQuestionNumber"],"duration":0,"failureDetails":[],"failureMessages":[],"fullName":"questionHelpers getNextQuestionNumber continues numbering from previous sections when adding the first question to a new section","invocations":1,"location":null,"numPassingAsserts":1,"retryReasons":[],"status":"passed","title":"continues numbering from previous sections when adding the first question to a new section"},{"ancestorTitles":["questionHelpers","getNextQuestionNumber"],"duration":1,"failureDetails":[],"failureMessages":[],"fullName":"questionHelpers getNextQuestionNumber continues numbering inside the same section","invocations":1,"location":null,"numPassingAsserts":1,"retryReasons":[],"status":"passed","title":"continues numbering inside the same section"},{"ancestorTitles":["questionHelpers","getNextQuestionNumber"],"duration":0,"failureDetails":[],"failureMessages":[],"fullName":"questionHelpers getNextQuestionNumber does not move backwards when existing data has duplicate legacy numbers","invocations":1,"location":null,"numPassingAsserts":1,"retryReasons":[],"status":"passed","title":"does not move backwards when existing data has duplicate legacy numbers"},{"ancestorTitles":["questionHelpers","getNextQuestionNumber"],"duration":0,"failureDetails":[],"failureMessages":[],"fullName":"questionHelpers getNextQuestionNumber continues numbering into later passages instead of resetting to 1","invocations":1,"location":null,"numPassingAsserts":1,"retryReasons":[],"status":"passed","title":"continues numbering into later passages instead of resetting to 1"},{"ancestorTitles":["questionHelpers","renumberQuestionsFrom"],"duration":1,"failureDetails":[],"failureMessages":[],"fullName":"questionHelpers renumberQuestionsFrom renumbers a copied question and shifts later questions forward","invocations":1,"location":null,"numPassingAsserts":1,"retryReasons":[],"status":"passed","title":"renumbers a copied question and shifts later questions forward"}],"endTime":1776134093301,"message":"","name":"G:\\Web Development Projects\\my-project-FIXED\\frontend\\src\\features\\reading\\utils\\__tests__\\questionHelpers.test.js","startTime":1776134093186,"status":"passed","summary":""},{"assertionResults":[{"ancestorTitles":["generateDetailsFromSections"],"duration":3,"failureDetails":[],"failureMessages":[],"fullName":"generateDetailsFromSections handles multi-select as 2 slots and subsequent sections start at correct numbers","invocations":1,"location":null,"numPassingAsserts":11,"retryReasons":[],"status":"passed","title":"handles multi-select as 2 slots and subsequent sections start at correct numbers"}],"endTime":1776134093408,"message":"","name":"G:\\Web Development Projects\\my-project-FIXED\\frontend\\src\\features\\listening\\__tests__\\generateDetails.test.js","startTime":1776134093307,"status":"passed","summary":""},{"assertionResults":[{"ancestorTitles":["clozeTable helpers"],"duration":0,"failureDetails":[],"failureMessages":[],"fullName":"clozeTable helpers hydrates legacy reading blanks into per-cell and per-line table answers","invocations":1,"location":null,"numPassingAsserts":2,"retryReasons":[],"status":"passed","title":"hydrates legacy reading blanks into per-cell and per-line table answers"},{"ancestorTitles":["clozeTable helpers"],"duration":0,"failureDetails":[],"failureMessages":[],"fullName":"clozeTable helpers extracts table blanks in the same row-major order used by the renderer","invocations":1,"location":null,"numPassingAsserts":1,"retryReasons":[],"status":"passed","title":"extracts table blanks in the same row-major order used by the renderer"},{"ancestorTitles":["clozeTable helpers"],"duration":1,"failureDetails":[],"failureMessages":[],"fullName":"clozeTable helpers parses comment lines as list items and keeps multiline text cells separated","invocations":1,"location":null,"numPassingAsserts":6,"retryReasons":[],"status":"passed","title":"parses comment lines as list items and keeps multiline text cells separated"}],"endTime":1776134093500,"message":"","name":"G:\\Web Development Projects\\my-project-FIXED\\frontend\\src\\shared\\utils\\__tests__\\clozeTable.test.js","startTime":1776134093420,"status":"passed","summary":""},{"assertionResults":[{"ancestorTitles":["asset URL helpers"],"duration":1,"failureDetails":[],"failureMessages":[],"fullName":"asset URL helpers normalizes legacy upload paths to /uploads","invocations":1,"location":null,"numPassingAsserts":2,"retryReasons":[],"status":"passed","title":"normalizes legacy upload paths to /uploads"},{"ancestorTitles":["asset URL helpers"],"duration":0,"failureDetails":[],"failureMessages":[],"fullName":"asset URL helpers resolves relative upload paths against the configured host","invocations":1,"location":null,"numPassingAsserts":1,"retryReasons":[],"status":"passed","title":"resolves relative upload paths against the configured host"},{"ancestorTitles":["asset URL helpers"],"duration":1,"failureDetails":[],"failureMessages":[],"fullName":"asset URL helpers rewrites absolute backend upload URLs onto the current host","invocations":1,"location":null,"numPassingAsserts":1,"retryReasons":[],"status":"passed","title":"rewrites absolute backend upload URLs onto the current host"},{"ancestorTitles":["asset URL helpers"],"duration":0,"failureDetails":[],"failureMessages":[],"fullName":"asset URL helpers preserves blob and data URLs as-is","invocations":1,"location":null,"numPassingAsserts":2,"retryReasons":[],"status":"passed","title":"preserves blob and data URLs as-is"}],"endTime":1776134093598,"message":"","name":"G:\\Web Development Projects\\my-project-FIXED\\frontend\\src\\shared\\utils\\__tests__\\assetUrls.test.js","startTime":1776134093510,"status":"passed","summary":""},{"assertionResults":[{"ancestorTitles":[],"duration":1,"failureDetails":[],"failureMessages":[],"fullName":"normalize removes diacritics and punctuation and lowercases","invocations":1,"location":null,"numPassingAsserts":2,"retryReasons":[],"status":"passed","title":"normalize removes diacritics and punctuation and lowercases"},{"ancestorTitles":[],"duration":1,"failureDetails":[],"failureMessages":[],"fullName":"levenshtein basic","invocations":1,"location":null,"numPassingAsserts":2,"retryReasons":[],"status":"passed","title":"levenshtein basic"},{"ancestorTitles":[],"duration":1,"failureDetails":[],"failureMessages":[],"fullName":"isAnswerCorrect exact and fuzzy","invocations":1,"location":null,"numPassingAsserts":5,"retryReasons":[],"status":"passed","title":"isAnswerCorrect exact and fuzzy"}],"endTime":1776134093693,"message":"","name":"G:\\Web Development Projects\\my-project-FIXED\\frontend\\src\\shared\\utils\\__tests__\\answerUtils.test.js","startTime":1776134093610,"status":"passed","summary":""}],"wasInterrupted":false}
